<?xml version="1.0" encoding="UTF-8" ?>
<testsuite errors="0" failures="0" hostname="爱学习的孩子" name="ControllerTest.PostsControllerTest" skipped="0" tests="6" time="2.497" timestamp="2019-03-06T09:32:15">
  <properties>
[...]
</properties>
  <testcase classname="ControllerTest.PostsControllerTest" name="getPostsByNameTest" time="1.909" />
  <testcase classname="ControllerTest.PostsControllerTest" name="queryPostsTest" time="0.031" />
  <testcase classname="ControllerTest.PostsControllerTest" name="addPostsTest" time="0.177" />
  <testcase classname="ControllerTest.PostsControllerTest" name="delPostsTest" time="0.179" />
  <testcase classname="ControllerTest.PostsControllerTest" name="findOneTest" time="0.073" />
  <testcase classname="ControllerTest.PostsControllerTest" name="updPostsTest" time="0.064" />
  <system-out><![CDATA[DEBUG [main] - SpringJUnit4ClassRunner constructor called with [class ControllerTest.PostsControllerTest].
DEBUG [main] - Delegating to GenericXmlWebContextLoader to process context configuration [ContextConfigurationAttributes@6e06451e declaringClass = 'Base.BaseControllerTest', locations = '{file:config/spring/applicationContext.xml}', classes = '{}', inheritLocations = true, initializers = '{}', inheritInitializers = true, name = [null], contextLoaderClass = 'org.springframework.test.context.ContextLoader'].
DEBUG [main] - Could not find an 'annotation declaring class' for annotation type [org.springframework.test.context.ActiveProfiles] and class [ControllerTest.PostsControllerTest]
DEBUG [main] - @TestExecutionListeners is not present for class [class ControllerTest.PostsControllerTest]: using defaults.
DEBUG [main] - Retrieved @ProfileValueSourceConfiguration [null] for test class [ControllerTest.PostsControllerTest]
DEBUG [main] - Retrieved ProfileValueSource type [class org.springframework.test.annotation.SystemProfileValueSource] for class [ControllerTest.PostsControllerTest]
DEBUG [main] - Retrieved @ProfileValueSourceConfiguration [null] for test class [ControllerTest.PostsControllerTest]
DEBUG [main] - Retrieved ProfileValueSource type [class org.springframework.test.annotation.SystemProfileValueSource] for class [ControllerTest.PostsControllerTest]
DEBUG [main] - Retrieved @ProfileValueSourceConfiguration [null] for test class [ControllerTest.PostsControllerTest]
DEBUG [main] - Retrieved ProfileValueSource type [class org.springframework.test.annotation.SystemProfileValueSource] for class [ControllerTest.PostsControllerTest]
DEBUG [main] - Retrieved @ProfileValueSourceConfiguration [null] for test class [ControllerTest.PostsControllerTest]
DEBUG [main] - Retrieved ProfileValueSource type [class org.springframework.test.annotation.SystemProfileValueSource] for class [ControllerTest.PostsControllerTest]
DEBUG [main] - Delegating to GenericXmlWebContextLoader to load context from [WebMergedContextConfiguration@32709393 testClass = PostsControllerTest, locations = '{file:config/spring/applicationContext.xml}', classes = '{}', contextInitializerClasses = '[]', activeProfiles = '{}', resourceBasePath = 'src/main/webapp', contextLoader = 'org.springframework.test.context.web.WebDelegatingSmartContextLoader', parent = [null]].
DEBUG [main] - Loading WebApplicationContext for merged context configuration [WebMergedContextConfiguration@32709393 testClass = PostsControllerTest, locations = '{file:config/spring/applicationContext.xml}', classes = '{}', contextInitializerClasses = '[]', activeProfiles = '{}', resourceBasePath = 'src/main/webapp', contextLoader = 'org.springframework.test.context.web.WebDelegatingSmartContextLoader', parent = [null]].
DEBUG [main] - Adding [servletConfigInitParams] PropertySource with lowest search precedence
DEBUG [main] - Adding [servletContextInitParams] PropertySource with lowest search precedence
DEBUG [main] - Adding [jndiProperties] PropertySource with lowest search precedence
DEBUG [main] - Adding [systemProperties] PropertySource with lowest search precedence
DEBUG [main] - Adding [systemEnvironment] PropertySource with lowest search precedence
DEBUG [main] - Initialized StandardServletEnvironment with PropertySources [servletConfigInitParams,servletContextInitParams,jndiProperties,systemProperties,systemEnvironment]
 INFO [main] - Loading XML bean definitions from URL [file:config/spring/applicationContext.xml]
DEBUG [main] - Using JAXP provider [com.sun.org.apache.xerces.internal.jaxp.DocumentBuilderFactoryImpl]
DEBUG [main] - Loading schema mappings from [META-INF/spring.schemas]
DEBUG [main] - Loaded schema mappings: {http://www.springframework.org/schema/tx/spring-tx-2.5.xsd=org/springframework/transaction/config/spring-tx-2.5.xsd, http://www.springframework.org/schema/context/spring-context-3.1.xsd=org/springframework/context/config/spring-context-3.1.xsd, http://www.springframework.org/schema/jms/spring-jms-2.5.xsd=org/springframework/jms/config/spring-jms-2.5.xsd, http://www.springframework.org/schema/util/spring-util-3.0.xsd=org/springframework/beans/factory/xml/spring-util-3.0.xsd, http://www.springframework.org/schema/tool/spring-tool.xsd=org/springframework/beans/factory/xml/spring-tool-4.0.xsd, http://www.springframework.org/schema/aop/spring-aop-3.2.xsd=org/springframework/aop/config/spring-aop-3.2.xsd, http://mybatis.org/schema/mybatis-spring-1.2.xsd=org/mybatis/spring/config/mybatis-spring-1.2.xsd, http://www.springframework.org/schema/context/spring-context-4.0.xsd=org/springframework/context/config/spring-context-4.0.xsd, http://www.springframework.org/schema/mvc/spring-mvc-3.2.xsd=org/springframework/web/servlet/config/spring-mvc-3.2.xsd, http://www.springframework.org/schema/oxm/spring-oxm-3.0.xsd=org/springframework/oxm/config/spring-oxm-3.0.xsd, http://www.springframework.org/schema/lang/spring-lang-3.2.xsd=org/springframework/scripting/config/spring-lang-3.2.xsd, http://www.springframework.org/schema/cache/spring-cache-3.2.xsd=org/springframework/cache/config/spring-cache-3.2.xsd, http://www.springframework.org/schema/jdbc/spring-jdbc-3.1.xsd=org/springframework/jdbc/config/spring-jdbc-3.1.xsd, http://www.springframework.org/schema/util/spring-util-2.0.xsd=org/springframework/beans/factory/xml/spring-util-2.0.xsd, http://www.springframework.org/schema/tool/spring-tool-3.2.xsd=org/springframework/beans/factory/xml/spring-tool-3.2.xsd, http://www.springframework.org/schema/context/spring-context.xsd=org/springframework/context/config/spring-context-4.0.xsd, http://www.springframework.org/schema/aop/spring-aop-4.0.xsd=org/springframework/aop/config/spring-aop-4.0.xsd, http://www.springframework.org/schema/jee/spring-jee-3.2.xsd=org/springframework/ejb/config/spring-jee-3.2.xsd, http://www.springframework.org/schema/context/spring-context-3.0.xsd=org/springframework/context/config/spring-context-3.0.xsd, http://www.springframework.org/schema/jdbc/spring-jdbc-4.0.xsd=org/springframework/jdbc/config/spring-jdbc-4.0.xsd, http://www.springframework.org/schema/mvc/spring-mvc-4.0.xsd=org/springframework/web/servlet/config/spring-mvc-4.0.xsd, http://www.springframework.org/schema/util/spring-util-2.5.xsd=org/springframework/beans/factory/xml/spring-util-2.5.xsd, http://www.springframework.org/schema/beans/spring-beans-3.2.xsd=org/springframework/beans/factory/xml/spring-beans-3.2.xsd, http://www.springframework.org/schema/aop/spring-aop-3.1.xsd=org/springframework/aop/config/spring-aop-3.1.xsd, http://www.springframework.org/schema/lang/spring-lang-4.0.xsd=org/springframework/scripting/config/spring-lang-4.0.xsd, http://www.springframework.org/schema/mvc/spring-mvc.xsd=org/springframework/web/servlet/config/spring-mvc-4.0.xsd, http://www.springframework.org/schema/mvc/spring-mvc-3.1.xsd=org/springframework/web/servlet/config/spring-mvc-3.1.xsd, http://www.springframework.org/schema/tool/spring-tool-4.0.xsd=org/springframework/beans/factory/xml/spring-tool-4.0.xsd, http://www.springframework.org/schema/tx/spring-tx-3.2.xsd=org/springframework/transaction/config/spring-tx-3.2.xsd, http://www.springframework.org/schema/lang/spring-lang-3.1.xsd=org/springframework/scripting/config/spring-lang-3.1.xsd, http://www.springframework.org/schema/cache/spring-cache-3.1.xsd=org/springframework/cache/config/spring-cache-3.1.xsd, http://www.springframework.org/schema/jee/spring-jee-4.0.xsd=org/springframework/ejb/config/spring-jee-4.0.xsd, http://www.springframework.org/schema/jdbc/spring-jdbc-3.0.xsd=org/springframework/jdbc/config/spring-jdbc-3.0.xsd, http://www.springframework.org/schema/jdbc/spring-jdbc.xsd=org/springframework/jdbc/config/spring-jdbc-4.0.xsd, http://www.springframework.org/schema/tool/spring-tool-3.1.xsd=org/springframework/beans/factory/xml/spring-tool-3.1.xsd, http://www.springframework.org/schema/cache/spring-cache-4.0.xsd=org/springframework/cache/config/spring-cache-4.0.xsd, http://www.springframework.org/schema/jee/spring-jee-3.1.xsd=org/springframework/ejb/config/spring-jee-3.1.xsd, http://www.springframework.org/schema/task/spring-task-3.2.xsd=org/springframework/scheduling/config/spring-task-3.2.xsd, http://www.springframework.org/schema/beans/spring-beans-3.1.xsd=org/springframework/beans/factory/xml/spring-beans-3.1.xsd, http://www.springframework.org/schema/util/spring-util.xsd=org/springframework/beans/factory/xml/spring-util-4.0.xsd, http://www.springframework.org/schema/aop/spring-aop-3.0.xsd=org/springframework/aop/config/spring-aop-3.0.xsd, http://www.springframework.org/schema/jms/spring-jms-3.2.xsd=org/springframework/jms/config/spring-jms-3.2.xsd, http://www.springframework.org/schema/mvc/spring-mvc-3.0.xsd=org/springframework/web/servlet/config/spring-mvc-3.0.xsd, http://www.springframework.org/schema/beans/spring-beans-4.0.xsd=org/springframework/beans/factory/xml/spring-beans-4.0.xsd, http://www.springframework.org/schema/beans/spring-beans.xsd=org/springframework/beans/factory/xml/spring-beans-4.0.xsd, http://www.springframework.org/schema/tx/spring-tx-3.1.xsd=org/springframework/transaction/config/spring-tx-3.1.xsd, http://www.springframework.org/schema/lang/spring-lang-3.0.xsd=org/springframework/scripting/config/spring-lang-3.0.xsd, http://mybatis.org/schema/mybatis-spring.xsd=org/mybatis/spring/config/mybatis-spring-1.2.xsd, http://www.springframework.org/schema/context/spring-context-2.5.xsd=org/springframework/context/config/spring-context-2.5.xsd, http://www.springframework.org/schema/task/spring-task-4.0.xsd=org/springframework/scheduling/config/spring-task-4.0.xsd, http://www.springframework.org/schema/tool/spring-tool-3.0.xsd=org/springframework/beans/factory/xml/spring-tool-3.0.xsd, http://www.springframework.org/schema/tx/spring-tx-4.0.xsd=org/springframework/transaction/config/spring-tx-4.0.xsd, http://www.springframework.org/schema/aop/spring-aop-2.0.xsd=org/springframework/aop/config/spring-aop-2.0.xsd, http://www.springframework.org/schema/jee/spring-jee-3.0.xsd=org/springframework/ejb/config/spring-jee-3.0.xsd, http://www.springframework.org/schema/task/spring-task-3.1.xsd=org/springframework/scheduling/config/spring-task-3.1.xsd, http://www.springframework.org/schema/beans/spring-beans-3.0.xsd=org/springframework/beans/factory/xml/spring-beans-3.0.xsd, http://www.springframework.org/schema/websocket/spring-websocket.xsd=org/springframework/web/socket/config/spring-websocket-4.0.xsd, http://www.springframework.org/schema/jee/spring-jee.xsd=org/springframework/ejb/config/spring-jee-4.0.xsd, http://www.springframework.org/schema/aop/spring-aop-2.5.xsd=org/springframework/aop/config/spring-aop-2.5.xsd, http://www.springframework.org/schema/jms/spring-jms.xsd=org/springframework/jms/config/spring-jms-4.0.xsd, http://www.springframework.org/schema/lang/spring-lang-2.0.xsd=org/springframework/scripting/config/spring-lang-2.0.xsd, http://www.springframework.org/schema/oxm/spring-oxm.xsd=org/springframework/oxm/config/spring-oxm-4.0.xsd, http://www.springframework.org/schema/jms/spring-jms-3.1.xsd=org/springframework/jms/config/spring-jms-3.1.xsd, http://www.springframework.org/schema/util/spring-util-3.2.xsd=org/springframework/beans/factory/xml/spring-util-3.2.xsd, http://www.springframework.org/schema/task/spring-task.xsd=org/springframework/scheduling/config/spring-task-4.0.xsd, http://www.springframework.org/schema/tool/spring-tool-2.0.xsd=org/springframework/beans/factory/xml/spring-tool-2.0.xsd, http://www.springframework.org/schema/tx/spring-tx-3.0.xsd=org/springframework/transaction/config/spring-tx-3.0.xsd, http://www.springframework.org/schema/lang/spring-lang-2.5.xsd=org/springframework/scripting/config/spring-lang-2.5.xsd, http://www.springframework.org/schema/jee/spring-jee-2.0.xsd=org/springframework/ejb/config/spring-jee-2.0.xsd, http://www.springframework.org/schema/jms/spring-jms-4.0.xsd=org/springframework/jms/config/spring-jms-4.0.xsd, http://www.springframework.org/schema/oxm/spring-oxm-3.2.xsd=org/springframework/oxm/config/spring-oxm-3.2.xsd, http://www.springframework.org/schema/tool/spring-tool-2.5.xsd=org/springframework/beans/factory/xml/spring-tool-2.5.xsd, http://www.springframework.org/schema/jee/spring-jee-2.5.xsd=org/springframework/ejb/config/spring-jee-2.5.xsd, http://www.springframework.org/schema/util/spring-util-4.0.xsd=org/springframework/beans/factory/xml/spring-util-4.0.xsd, http://www.springframework.org/schema/task/spring-task-3.0.xsd=org/springframework/scheduling/config/spring-task-3.0.xsd, http://www.springframework.org/schema/lang/spring-lang.xsd=org/springframework/scripting/config/spring-lang-4.0.xsd, http://www.springframework.org/schema/context/spring-context-3.2.xsd=org/springframework/context/config/spring-context-3.2.xsd, http://www.springframework.org/schema/jms/spring-jms-3.0.xsd=org/springframework/jms/config/spring-jms-3.0.xsd, http://www.springframework.org/schema/util/spring-util-3.1.xsd=org/springframework/beans/factory/xml/spring-util-3.1.xsd, http://www.springframework.org/schema/beans/spring-beans-2.0.xsd=org/springframework/beans/factory/xml/spring-beans-2.0.xsd, http://www.springframework.org/schema/oxm/spring-oxm-4.0.xsd=org/springframework/oxm/config/spring-oxm-4.0.xsd, http://www.springframework.org/schema/cache/spring-cache.xsd=org/springframework/cache/config/spring-cache-4.0.xsd, http://www.springframework.org/schema/tx/spring-tx.xsd=org/springframework/transaction/config/spring-tx-4.0.xsd, http://www.springframework.org/schema/beans/spring-beans-2.5.xsd=org/springframework/beans/factory/xml/spring-beans-2.5.xsd, http://www.springframework.org/schema/oxm/spring-oxm-3.1.xsd=org/springframework/oxm/config/spring-oxm-3.1.xsd, http://www.springframework.org/schema/tx/spring-tx-2.0.xsd=org/springframework/transaction/config/spring-tx-2.0.xsd, http://www.springframework.org/schema/jdbc/spring-jdbc-3.2.xsd=org/springframework/jdbc/config/spring-jdbc-3.2.xsd, http://www.springframework.org/schema/aop/spring-aop.xsd=org/springframework/aop/config/spring-aop-4.0.xsd, http://www.springframework.org/schema/websocket/spring-websocket-4.0.xsd=org/springframework/web/socket/config/spring-websocket-4.0.xsd}
DEBUG [main] - Found XML schema [http://www.springframework.org/schema/beans/spring-beans-3.2.xsd] in classpath: org/springframework/beans/factory/xml/spring-beans-3.2.xsd
DEBUG [main] - Found XML schema [http://www.springframework.org/schema/context/spring-context-3.2.xsd] in classpath: org/springframework/context/config/spring-context-3.2.xsd
DEBUG [main] - Found XML schema [http://www.springframework.org/schema/tool/spring-tool-3.2.xsd] in classpath: org/springframework/beans/factory/xml/spring-tool-3.2.xsd
DEBUG [main] - Found XML schema [http://www.springframework.org/schema/tx/spring-tx.xsd] in classpath: org/springframework/transaction/config/spring-tx-4.0.xsd
DEBUG [main] - Found XML schema [http://www.springframework.org/schema/aop/spring-aop-3.2.xsd] in classpath: org/springframework/aop/config/spring-aop-3.2.xsd
DEBUG [main] - Loading bean definitions
DEBUG [main] - Loaded NamespaceHandler mappings: {http://www.springframework.org/schema/p=org.springframework.beans.factory.xml.SimplePropertyNamespaceHandler, http://www.springframework.org/schema/mvc=org.springframework.web.servlet.config.MvcNamespaceHandler, http://www.springframework.org/schema/util=org.springframework.beans.factory.xml.UtilNamespaceHandler, http://www.springframework.org/schema/jee=org.springframework.ejb.config.JeeNamespaceHandler, http://www.springframework.org/schema/websocket=org.springframework.web.socket.config.WebSocketNamespaceHandler, http://www.springframework.org/schema/aop=org.springframework.aop.config.AopNamespaceHandler, http://www.springframework.org/schema/oxm=org.springframework.oxm.config.OxmNamespaceHandler, http://www.springframework.org/schema/jdbc=org.springframework.jdbc.config.JdbcNamespaceHandler, http://www.springframework.org/schema/cache=org.springframework.cache.config.CacheNamespaceHandler, http://mybatis.org/schema/mybatis-spring=org.mybatis.spring.config.NamespaceHandler, http://www.springframework.org/schema/c=org.springframework.beans.factory.xml.SimpleConstructorNamespaceHandler, http://www.springframework.org/schema/tx=org.springframework.transaction.config.TxNamespaceHandler, http://www.springframework.org/schema/jms=org.springframework.jms.config.JmsNamespaceHandler, http://www.springframework.org/schema/task=org.springframework.scheduling.config.TaskNamespaceHandler, http://www.springframework.org/schema/lang=org.springframework.scripting.config.LangNamespaceHandler, http://www.springframework.org/schema/context=org.springframework.context.config.ContextNamespaceHandler}
DEBUG [main] - JSR-250 'javax.annotation.ManagedBean' found and supported for component scanning
DEBUG [main] - Looking for matching resources in directory tree [E:\eclipse-jee-2018-09-win32-x86_64\eclipse\workspace\Childcare_sys\WebRoot\WEB-INF\classes\com\aaa]
DEBUG [main] - Searching directory [E:\eclipse-jee-2018-09-win32-x86_64\eclipse\workspace\Childcare_sys\WebRoot\WEB-INF\classes\com\aaa] for files matching pattern [E:/eclipse-jee-2018-09-win32-x86_64/eclipse/workspace/Childcare_sys/WebRoot/WEB-INF/classes/com/aaa/**/*.class]
DEBUG [main] - Searching directory [E:\eclipse-jee-2018-09-win32-x86_64\eclipse\workspace\Childcare_sys\WebRoot\WEB-INF\classes\com\aaa\biz] for files matching pattern [E:/eclipse-jee-2018-09-win32-x86_64/eclipse/workspace/Childcare_sys/WebRoot/WEB-INF/classes/com/aaa/**/*.class]
DEBUG [main] - Searching directory [E:\eclipse-jee-2018-09-win32-x86_64\eclipse\workspace\Childcare_sys\WebRoot\WEB-INF\classes\com\aaa\biz\impl] for files matching pattern [E:/eclipse-jee-2018-09-win32-x86_64/eclipse/workspace/Childcare_sys/WebRoot/WEB-INF/classes/com/aaa/**/*.class]
DEBUG [main] - Searching directory [E:\eclipse-jee-2018-09-win32-x86_64\eclipse\workspace\Childcare_sys\WebRoot\WEB-INF\classes\com\aaa\controller] for files matching pattern [E:/eclipse-jee-2018-09-win32-x86_64/eclipse/workspace/Childcare_sys/WebRoot/WEB-INF/classes/com/aaa/**/*.class]
DEBUG [main] - Searching directory [E:\eclipse-jee-2018-09-win32-x86_64\eclipse\workspace\Childcare_sys\WebRoot\WEB-INF\classes\com\aaa\converter] for files matching pattern [E:/eclipse-jee-2018-09-win32-x86_64/eclipse/workspace/Childcare_sys/WebRoot/WEB-INF/classes/com/aaa/**/*.class]
DEBUG [main] - Searching directory [E:\eclipse-jee-2018-09-win32-x86_64\eclipse\workspace\Childcare_sys\WebRoot\WEB-INF\classes\com\aaa\entity] for files matching pattern [E:/eclipse-jee-2018-09-win32-x86_64/eclipse/workspace/Childcare_sys/WebRoot/WEB-INF/classes/com/aaa/**/*.class]
DEBUG [main] - Searching directory [E:\eclipse-jee-2018-09-win32-x86_64\eclipse\workspace\Childcare_sys\WebRoot\WEB-INF\classes\com\aaa\inteceptor] for files matching pattern [E:/eclipse-jee-2018-09-win32-x86_64/eclipse/workspace/Childcare_sys/WebRoot/WEB-INF/classes/com/aaa/**/*.class]
DEBUG [main] - Searching directory [E:\eclipse-jee-2018-09-win32-x86_64\eclipse\workspace\Childcare_sys\WebRoot\WEB-INF\classes\com\aaa\mapper] for files matching pattern [E:/eclipse-jee-2018-09-win32-x86_64/eclipse/workspace/Childcare_sys/WebRoot/WEB-INF/classes/com/aaa/**/*.class]
DEBUG [main] - Resolved location pattern [classpath*:com/aaa/**/*.class] to resources [file [E:\eclipse-jee-2018-09-win32-x86_64\eclipse\workspace\Childcare_sys\WebRoot\WEB-INF\classes\com\aaa\biz\impl\MemberBizImpl.class], file [E:\eclipse-jee-2018-09-win32-x86_64\eclipse\workspace\Childcare_sys\WebRoot\WEB-INF\classes\com\aaa\biz\impl\ParentingBizImpl.class], file [E:\eclipse-jee-2018-09-win32-x86_64\eclipse\workspace\Childcare_sys\WebRoot\WEB-INF\classes\com\aaa\biz\impl\PostsBizImpl.class], file [E:\eclipse-jee-2018-09-win32-x86_64\eclipse\workspace\Childcare_sys\WebRoot\WEB-INF\classes\com\aaa\biz\impl\RepostsBizImpl.class], file [E:\eclipse-jee-2018-09-win32-x86_64\eclipse\workspace\Childcare_sys\WebRoot\WEB-INF\classes\com\aaa\biz\impl\UserBizImpl.class], file [E:\eclipse-jee-2018-09-win32-x86_64\eclipse\workspace\Childcare_sys\WebRoot\WEB-INF\classes\com\aaa\biz\MemberBiz.class], file [E:\eclipse-jee-2018-09-win32-x86_64\eclipse\workspace\Childcare_sys\WebRoot\WEB-INF\classes\com\aaa\biz\ParentingBiz.class], file [E:\eclipse-jee-2018-09-win32-x86_64\eclipse\workspace\Childcare_sys\WebRoot\WEB-INF\classes\com\aaa\biz\PostsBiz.class], file [E:\eclipse-jee-2018-09-win32-x86_64\eclipse\workspace\Childcare_sys\WebRoot\WEB-INF\classes\com\aaa\biz\RepostsBiz.class], file [E:\eclipse-jee-2018-09-win32-x86_64\eclipse\workspace\Childcare_sys\WebRoot\WEB-INF\classes\com\aaa\biz\UserBiz.class], file [E:\eclipse-jee-2018-09-win32-x86_64\eclipse\workspace\Childcare_sys\WebRoot\WEB-INF\classes\com\aaa\controller\MemberController.class], file [E:\eclipse-jee-2018-09-win32-x86_64\eclipse\workspace\Childcare_sys\WebRoot\WEB-INF\classes\com\aaa\controller\ParentingController.class], file [E:\eclipse-jee-2018-09-win32-x86_64\eclipse\workspace\Childcare_sys\WebRoot\WEB-INF\classes\com\aaa\controller\PostsController.class], file [E:\eclipse-jee-2018-09-win32-x86_64\eclipse\workspace\Childcare_sys\WebRoot\WEB-INF\classes\com\aaa\controller\RepostsController.class], file [E:\eclipse-jee-2018-09-win32-x86_64\eclipse\workspace\Childcare_sys\WebRoot\WEB-INF\classes\com\aaa\controller\UserController.class], file [E:\eclipse-jee-2018-09-win32-x86_64\eclipse\workspace\Childcare_sys\WebRoot\WEB-INF\classes\com\aaa\converter\DateConverter.class], file [E:\eclipse-jee-2018-09-win32-x86_64\eclipse\workspace\Childcare_sys\WebRoot\WEB-INF\classes\com\aaa\entity\Member.class], file [E:\eclipse-jee-2018-09-win32-x86_64\eclipse\workspace\Childcare_sys\WebRoot\WEB-INF\classes\com\aaa\entity\Parenting.class], file [E:\eclipse-jee-2018-09-win32-x86_64\eclipse\workspace\Childcare_sys\WebRoot\WEB-INF\classes\com\aaa\entity\Posts.class], file [E:\eclipse-jee-2018-09-win32-x86_64\eclipse\workspace\Childcare_sys\WebRoot\WEB-INF\classes\com\aaa\entity\Reposts.class], file [E:\eclipse-jee-2018-09-win32-x86_64\eclipse\workspace\Childcare_sys\WebRoot\WEB-INF\classes\com\aaa\entity\User.class], file [E:\eclipse-jee-2018-09-win32-x86_64\eclipse\workspace\Childcare_sys\WebRoot\WEB-INF\classes\com\aaa\inteceptor\LoginIncetepor.class], file [E:\eclipse-jee-2018-09-win32-x86_64\eclipse\workspace\Childcare_sys\WebRoot\WEB-INF\classes\com\aaa\mapper\MemberDaoMapper.class], file [E:\eclipse-jee-2018-09-win32-x86_64\eclipse\workspace\Childcare_sys\WebRoot\WEB-INF\classes\com\aaa\mapper\ParentingDaoMapper.class], file [E:\eclipse-jee-2018-09-win32-x86_64\eclipse\workspace\Childcare_sys\WebRoot\WEB-INF\classes\com\aaa\mapper\PostsDaoMapper.class], file [E:\eclipse-jee-2018-09-win32-x86_64\eclipse\workspace\Childcare_sys\WebRoot\WEB-INF\classes\com\aaa\mapper\RepostsDaoMapper.class], file [E:\eclipse-jee-2018-09-win32-x86_64\eclipse\workspace\Childcare_sys\WebRoot\WEB-INF\classes\com\aaa\mapper\UserMapper.class]]
DEBUG [main] - Identified candidate component class: file [E:\eclipse-jee-2018-09-win32-x86_64\eclipse\workspace\Childcare_sys\WebRoot\WEB-INF\classes\com\aaa\biz\impl\MemberBizImpl.class]
DEBUG [main] - Identified candidate component class: file [E:\eclipse-jee-2018-09-win32-x86_64\eclipse\workspace\Childcare_sys\WebRoot\WEB-INF\classes\com\aaa\biz\impl\ParentingBizImpl.class]
DEBUG [main] - Identified candidate component class: file [E:\eclipse-jee-2018-09-win32-x86_64\eclipse\workspace\Childcare_sys\WebRoot\WEB-INF\classes\com\aaa\biz\impl\PostsBizImpl.class]
DEBUG [main] - Identified candidate component class: file [E:\eclipse-jee-2018-09-win32-x86_64\eclipse\workspace\Childcare_sys\WebRoot\WEB-INF\classes\com\aaa\biz\impl\RepostsBizImpl.class]
DEBUG [main] - Identified candidate component class: file [E:\eclipse-jee-2018-09-win32-x86_64\eclipse\workspace\Childcare_sys\WebRoot\WEB-INF\classes\com\aaa\biz\impl\UserBizImpl.class]
DEBUG [main] - Identified candidate component class: file [E:\eclipse-jee-2018-09-win32-x86_64\eclipse\workspace\Childcare_sys\WebRoot\WEB-INF\classes\com\aaa\controller\MemberController.class]
DEBUG [main] - Identified candidate component class: file [E:\eclipse-jee-2018-09-win32-x86_64\eclipse\workspace\Childcare_sys\WebRoot\WEB-INF\classes\com\aaa\controller\ParentingController.class]
DEBUG [main] - Identified candidate component class: file [E:\eclipse-jee-2018-09-win32-x86_64\eclipse\workspace\Childcare_sys\WebRoot\WEB-INF\classes\com\aaa\controller\PostsController.class]
DEBUG [main] - Identified candidate component class: file [E:\eclipse-jee-2018-09-win32-x86_64\eclipse\workspace\Childcare_sys\WebRoot\WEB-INF\classes\com\aaa\controller\RepostsController.class]
DEBUG [main] - Identified candidate component class: file [E:\eclipse-jee-2018-09-win32-x86_64\eclipse\workspace\Childcare_sys\WebRoot\WEB-INF\classes\com\aaa\controller\UserController.class]
DEBUG [main] - Neither XML 'id' nor 'name' specified - using generated bean name [org.mybatis.spring.mapper.MapperScannerConfigurer#0]
DEBUG [main] - Loaded 26 bean definitions from location pattern [file:config/spring/applicationContext.xml]
 INFO [main] - Refreshing org.springframework.web.context.support.GenericWebApplicationContext@4d95d2a2: startup date [Wed Mar 06 17:32:15 CST 2019]; root of context hierarchy
DEBUG [main] - Replacing [servletContextInitParams] PropertySource with [servletContextInitParams]
DEBUG [main] - Bean factory for org.springframework.web.context.support.GenericWebApplicationContext@4d95d2a2: org.springframework.beans.factory.support.DefaultListableBeanFactory@384ad17b: defining beans [memberBizImpl,parentingBizImpl,postsBizImpl,repostsBizImpl,userBizImpl,memberController,parentingController,postsController,repostsController,userController,org.springframework.context.annotation.internalConfigurationAnnotationProcessor,org.springframework.context.annotation.internalAutowiredAnnotationProcessor,org.springframework.context.annotation.internalRequiredAnnotationProcessor,org.springframework.context.annotation.internalCommonAnnotationProcessor,org.springframework.context.support.PropertySourcesPlaceholderConfigurer#0,dataSource,sqlSessionFactory,org.mybatis.spring.mapper.MapperScannerConfigurer#0,transactionManager,org.springframework.aop.config.internalAutoProxyCreator,org.springframework.transaction.annotation.AnnotationTransactionAttributeSource#0,org.springframework.transaction.interceptor.TransactionInterceptor#0,org.springframework.transaction.config.internalTransactionAdvisor,txadvice,points,org.springframework.aop.support.DefaultBeanFactoryPointcutAdvisor#0]; root of factory hierarchy
DEBUG [main] - Creating shared instance of singleton bean 'org.springframework.context.annotation.internalConfigurationAnnotationProcessor'
DEBUG [main] - Creating instance of bean 'org.springframework.context.annotation.internalConfigurationAnnotationProcessor'
DEBUG [main] - Eagerly caching bean 'org.springframework.context.annotation.internalConfigurationAnnotationProcessor' to allow for resolving potential circular references
DEBUG [main] - Finished creating instance of bean 'org.springframework.context.annotation.internalConfigurationAnnotationProcessor'
DEBUG [main] - Creating shared instance of singleton bean 'org.mybatis.spring.mapper.MapperScannerConfigurer#0'
DEBUG [main] - Creating instance of bean 'org.mybatis.spring.mapper.MapperScannerConfigurer#0'
DEBUG [main] - Eagerly caching bean 'org.mybatis.spring.mapper.MapperScannerConfigurer#0' to allow for resolving potential circular references
DEBUG [main] - Invoking afterPropertiesSet() on bean with name 'org.mybatis.spring.mapper.MapperScannerConfigurer#0'
DEBUG [main] - Finished creating instance of bean 'org.mybatis.spring.mapper.MapperScannerConfigurer#0'
DEBUG [main] - Adding [systemProperties] PropertySource with lowest search precedence
DEBUG [main] - Adding [systemEnvironment] PropertySource with lowest search precedence
DEBUG [main] - Initialized StandardEnvironment with PropertySources [systemProperties,systemEnvironment]
DEBUG [main] - Looking for matching resources in directory tree [E:\eclipse-jee-2018-09-win32-x86_64\eclipse\workspace\Childcare_sys\WebRoot\WEB-INF\classes\com\aaa\mapper]
DEBUG [main] - Searching directory [E:\eclipse-jee-2018-09-win32-x86_64\eclipse\workspace\Childcare_sys\WebRoot\WEB-INF\classes\com\aaa\mapper] for files matching pattern [E:/eclipse-jee-2018-09-win32-x86_64/eclipse/workspace/Childcare_sys/WebRoot/WEB-INF/classes/com/aaa/mapper/**/*.class]
DEBUG [main] - Resolved location pattern [classpath*:com/aaa/mapper/**/*.class] to resources [file [E:\eclipse-jee-2018-09-win32-x86_64\eclipse\workspace\Childcare_sys\WebRoot\WEB-INF\classes\com\aaa\mapper\MemberDaoMapper.class], file [E:\eclipse-jee-2018-09-win32-x86_64\eclipse\workspace\Childcare_sys\WebRoot\WEB-INF\classes\com\aaa\mapper\ParentingDaoMapper.class], file [E:\eclipse-jee-2018-09-win32-x86_64\eclipse\workspace\Childcare_sys\WebRoot\WEB-INF\classes\com\aaa\mapper\PostsDaoMapper.class], file [E:\eclipse-jee-2018-09-win32-x86_64\eclipse\workspace\Childcare_sys\WebRoot\WEB-INF\classes\com\aaa\mapper\RepostsDaoMapper.class], file [E:\eclipse-jee-2018-09-win32-x86_64\eclipse\workspace\Childcare_sys\WebRoot\WEB-INF\classes\com\aaa\mapper\UserMapper.class]]
DEBUG [main] - Identified candidate component class: file [E:\eclipse-jee-2018-09-win32-x86_64\eclipse\workspace\Childcare_sys\WebRoot\WEB-INF\classes\com\aaa\mapper\MemberDaoMapper.class]
DEBUG [main] - Identified candidate component class: file [E:\eclipse-jee-2018-09-win32-x86_64\eclipse\workspace\Childcare_sys\WebRoot\WEB-INF\classes\com\aaa\mapper\ParentingDaoMapper.class]
DEBUG [main] - Identified candidate component class: file [E:\eclipse-jee-2018-09-win32-x86_64\eclipse\workspace\Childcare_sys\WebRoot\WEB-INF\classes\com\aaa\mapper\PostsDaoMapper.class]
DEBUG [main] - Identified candidate component class: file [E:\eclipse-jee-2018-09-win32-x86_64\eclipse\workspace\Childcare_sys\WebRoot\WEB-INF\classes\com\aaa\mapper\RepostsDaoMapper.class]
DEBUG [main] - Identified candidate component class: file [E:\eclipse-jee-2018-09-win32-x86_64\eclipse\workspace\Childcare_sys\WebRoot\WEB-INF\classes\com\aaa\mapper\UserMapper.class]
DEBUG [main] - Creating MapperFactoryBean with name 'memberDaoMapper' and 'com.aaa.mapper.MemberDaoMapper' mapperInterface
DEBUG [main] - Creating MapperFactoryBean with name 'parentingDaoMapper' and 'com.aaa.mapper.ParentingDaoMapper' mapperInterface
DEBUG [main] - Creating MapperFactoryBean with name 'postsDaoMapper' and 'com.aaa.mapper.PostsDaoMapper' mapperInterface
DEBUG [main] - Creating MapperFactoryBean with name 'repostsDaoMapper' and 'com.aaa.mapper.RepostsDaoMapper' mapperInterface
DEBUG [main] - Creating MapperFactoryBean with name 'userMapper' and 'com.aaa.mapper.UserMapper' mapperInterface
DEBUG [main] - Creating shared instance of singleton bean 'org.springframework.context.support.PropertySourcesPlaceholderConfigurer#0'
DEBUG [main] - Creating instance of bean 'org.springframework.context.support.PropertySourcesPlaceholderConfigurer#0'
DEBUG [main] - Eagerly caching bean 'org.springframework.context.support.PropertySourcesPlaceholderConfigurer#0' to allow for resolving potential circular references
DEBUG [main] - Finished creating instance of bean 'org.springframework.context.support.PropertySourcesPlaceholderConfigurer#0'
DEBUG [main] - Adding [environmentProperties] PropertySource with lowest search precedence
 INFO [main] - Loading properties file from class path resource [db.properties]
DEBUG [main] - Adding [localProperties] PropertySource with lowest search precedence
DEBUG [main] - Searching for key 'jdbc.url' in [environmentProperties]
DEBUG [main] - Searching for key 'jdbc.url' in [servletConfigInitParams]
DEBUG [main] - Searching for key 'jdbc.url' in [servletContextInitParams]
DEBUG [main] - Searching for key 'jdbc.url' in [jndiProperties]
DEBUG [main] - Looking up JNDI object with name [java:comp/env/jdbc.url]
DEBUG [main] - Converted JNDI name [java:comp/env/jdbc.url] not found - trying original name [jdbc.url]. javax.naming.NoInitialContextException: Need to specify class name in environment or system property, or as an applet parameter, or in an application resource file:  java.naming.factory.initial
DEBUG [main] - Looking up JNDI object with name [jdbc.url]
DEBUG [main] - JNDI lookup for name [jdbc.url] threw NamingException with message: Need to specify class name in environment or system property, or as an applet parameter, or in an application resource file:  java.naming.factory.initial. Returning null.
DEBUG [main] - Searching for key 'jdbc.url' in [systemProperties]
DEBUG [main] - Searching for key 'jdbc.url' in [systemEnvironment]
DEBUG [main] - Could not find key 'jdbc.url' in any property source. Returning [null]
DEBUG [main] - Searching for key 'jdbc.url' in [localProperties]
DEBUG [main] - Found key 'jdbc.url' in [localProperties] with type [String] and value 'jdbc:mysql://127.0.0.1:3306/childcare_system?useUnicode=true&amp;characterEncoding=utf8'
DEBUG [main] - Searching for key 'jdbc.driver' in [environmentProperties]
DEBUG [main] - Searching for key 'jdbc.driver' in [servletConfigInitParams]
DEBUG [main] - Searching for key 'jdbc.driver' in [servletContextInitParams]
DEBUG [main] - Searching for key 'jdbc.driver' in [jndiProperties]
DEBUG [main] - Looking up JNDI object with name [java:comp/env/jdbc.driver]
DEBUG [main] - Converted JNDI name [java:comp/env/jdbc.driver] not found - trying original name [jdbc.driver]. javax.naming.NoInitialContextException: Need to specify class name in environment or system property, or as an applet parameter, or in an application resource file:  java.naming.factory.initial
DEBUG [main] - Looking up JNDI object with name [jdbc.driver]
DEBUG [main] - JNDI lookup for name [jdbc.driver] threw NamingException with message: Need to specify class name in environment or system property, or as an applet parameter, or in an application resource file:  java.naming.factory.initial. Returning null.
DEBUG [main] - Searching for key 'jdbc.driver' in [systemProperties]
DEBUG [main] - Searching for key 'jdbc.driver' in [systemEnvironment]
DEBUG [main] - Could not find key 'jdbc.driver' in any property source. Returning [null]
DEBUG [main] - Searching for key 'jdbc.driver' in [localProperties]
DEBUG [main] - Found key 'jdbc.driver' in [localProperties] with type [String] and value 'com.mysql.jdbc.Driver'
DEBUG [main] - Searching for key 'jdbc.username' in [environmentProperties]
DEBUG [main] - Searching for key 'jdbc.username' in [servletConfigInitParams]
DEBUG [main] - Searching for key 'jdbc.username' in [servletContextInitParams]
DEBUG [main] - Searching for key 'jdbc.username' in [jndiProperties]
DEBUG [main] - Looking up JNDI object with name [java:comp/env/jdbc.username]
DEBUG [main] - Converted JNDI name [java:comp/env/jdbc.username] not found - trying original name [jdbc.username]. javax.naming.NoInitialContextException: Need to specify class name in environment or system property, or as an applet parameter, or in an application resource file:  java.naming.factory.initial
DEBUG [main] - Looking up JNDI object with name [jdbc.username]
DEBUG [main] - JNDI lookup for name [jdbc.username] threw NamingException with message: Need to specify class name in environment or system property, or as an applet parameter, or in an application resource file:  java.naming.factory.initial. Returning null.
DEBUG [main] - Searching for key 'jdbc.username' in [systemProperties]
DEBUG [main] - Searching for key 'jdbc.username' in [systemEnvironment]
DEBUG [main] - Could not find key 'jdbc.username' in any property source. Returning [null]
DEBUG [main] - Searching for key 'jdbc.username' in [localProperties]
DEBUG [main] - Found key 'jdbc.username' in [localProperties] with type [String] and value 'root'
DEBUG [main] - Searching for key 'jdbc.password' in [environmentProperties]
DEBUG [main] - Searching for key 'jdbc.password' in [servletConfigInitParams]
DEBUG [main] - Searching for key 'jdbc.password' in [servletContextInitParams]
DEBUG [main] - Searching for key 'jdbc.password' in [jndiProperties]
DEBUG [main] - Looking up JNDI object with name [java:comp/env/jdbc.password]
DEBUG [main] - Converted JNDI name [java:comp/env/jdbc.password] not found - trying original name [jdbc.password]. javax.naming.NoInitialContextException: Need to specify class name in environment or system property, or as an applet parameter, or in an application resource file:  java.naming.factory.initial
DEBUG [main] - Looking up JNDI object with name [jdbc.password]
DEBUG [main] - JNDI lookup for name [jdbc.password] threw NamingException with message: Need to specify class name in environment or system property, or as an applet parameter, or in an application resource file:  java.naming.factory.initial. Returning null.
DEBUG [main] - Searching for key 'jdbc.password' in [systemProperties]
DEBUG [main] - Searching for key 'jdbc.password' in [systemEnvironment]
DEBUG [main] - Could not find key 'jdbc.password' in any property source. Returning [null]
DEBUG [main] - Searching for key 'jdbc.password' in [localProperties]
DEBUG [main] - Found key 'jdbc.password' in [localProperties] with type [String] and value 'root'
DEBUG [main] - Creating shared instance of singleton bean 'org.springframework.context.annotation.internalAutowiredAnnotationProcessor'
DEBUG [main] - Creating instance of bean 'org.springframework.context.annotation.internalAutowiredAnnotationProcessor'
DEBUG [main] - Eagerly caching bean 'org.springframework.context.annotation.internalAutowiredAnnotationProcessor' to allow for resolving potential circular references
DEBUG [main] - Finished creating instance of bean 'org.springframework.context.annotation.internalAutowiredAnnotationProcessor'
DEBUG [main] - Creating shared instance of singleton bean 'org.springframework.context.annotation.internalRequiredAnnotationProcessor'
DEBUG [main] - Creating instance of bean 'org.springframework.context.annotation.internalRequiredAnnotationProcessor'
DEBUG [main] - Eagerly caching bean 'org.springframework.context.annotation.internalRequiredAnnotationProcessor' to allow for resolving potential circular references
DEBUG [main] - Finished creating instance of bean 'org.springframework.context.annotation.internalRequiredAnnotationProcessor'
DEBUG [main] - Creating shared instance of singleton bean 'org.springframework.context.annotation.internalCommonAnnotationProcessor'
DEBUG [main] - Creating instance of bean 'org.springframework.context.annotation.internalCommonAnnotationProcessor'
DEBUG [main] - Eagerly caching bean 'org.springframework.context.annotation.internalCommonAnnotationProcessor' to allow for resolving potential circular references
DEBUG [main] - Finished creating instance of bean 'org.springframework.context.annotation.internalCommonAnnotationProcessor'
DEBUG [main] - Creating shared instance of singleton bean 'org.springframework.context.annotation.ConfigurationClassPostProcessor.importAwareProcessor'
DEBUG [main] - Creating instance of bean 'org.springframework.context.annotation.ConfigurationClassPostProcessor.importAwareProcessor'
DEBUG [main] - Eagerly caching bean 'org.springframework.context.annotation.ConfigurationClassPostProcessor.importAwareProcessor' to allow for resolving potential circular references
DEBUG [main] - Finished creating instance of bean 'org.springframework.context.annotation.ConfigurationClassPostProcessor.importAwareProcessor'
DEBUG [main] - Creating shared instance of singleton bean 'org.springframework.context.annotation.ConfigurationClassPostProcessor.enhancedConfigurationProcessor'
DEBUG [main] - Creating instance of bean 'org.springframework.context.annotation.ConfigurationClassPostProcessor.enhancedConfigurationProcessor'
DEBUG [main] - Eagerly caching bean 'org.springframework.context.annotation.ConfigurationClassPostProcessor.enhancedConfigurationProcessor' to allow for resolving potential circular references
DEBUG [main] - Finished creating instance of bean 'org.springframework.context.annotation.ConfigurationClassPostProcessor.enhancedConfigurationProcessor'
DEBUG [main] - Creating shared instance of singleton bean 'org.springframework.aop.config.internalAutoProxyCreator'
DEBUG [main] - Creating instance of bean 'org.springframework.aop.config.internalAutoProxyCreator'
DEBUG [main] - Eagerly caching bean 'org.springframework.aop.config.internalAutoProxyCreator' to allow for resolving potential circular references
DEBUG [main] - Finished creating instance of bean 'org.springframework.aop.config.internalAutoProxyCreator'
DEBUG [main] - Unable to locate MessageSource with name 'messageSource': using default [org.springframework.context.support.DelegatingMessageSource@503d687a]
DEBUG [main] - Unable to locate ApplicationEventMulticaster with name 'applicationEventMulticaster': using default [org.springframework.context.event.SimpleApplicationEventMulticaster@4d910fd6]
DEBUG [main] - Unable to locate ThemeSource with name 'themeSource': using default [org.springframework.ui.context.support.ResourceBundleThemeSource@49dc7102]
DEBUG [main] - Pre-instantiating singletons in org.springframework.beans.factory.support.DefaultListableBeanFactory@384ad17b: defining beans [memberBizImpl,parentingBizImpl,postsBizImpl,repostsBizImpl,userBizImpl,memberController,parentingController,postsController,repostsController,userController,org.springframework.context.annotation.internalConfigurationAnnotationProcessor,org.springframework.context.annotation.internalAutowiredAnnotationProcessor,org.springframework.context.annotation.internalRequiredAnnotationProcessor,org.springframework.context.annotation.internalCommonAnnotationProcessor,org.springframework.context.support.PropertySourcesPlaceholderConfigurer#0,dataSource,sqlSessionFactory,org.mybatis.spring.mapper.MapperScannerConfigurer#0,transactionManager,org.springframework.aop.config.internalAutoProxyCreator,org.springframework.transaction.annotation.AnnotationTransactionAttributeSource#0,org.springframework.transaction.interceptor.TransactionInterceptor#0,org.springframework.transaction.config.internalTransactionAdvisor,txadvice,points,org.springframework.aop.support.DefaultBeanFactoryPointcutAdvisor#0,org.springframework.context.annotation.ConfigurationClassPostProcessor.importAwareProcessor,org.springframework.context.annotation.ConfigurationClassPostProcessor.enhancedConfigurationProcessor,memberDaoMapper,parentingDaoMapper,postsDaoMapper,repostsDaoMapper,userMapper]; root of factory hierarchy
DEBUG [main] - Creating shared instance of singleton bean 'memberBizImpl'
DEBUG [main] - Creating instance of bean 'memberBizImpl'
DEBUG [main] - Creating shared instance of singleton bean 'org.springframework.transaction.config.internalTransactionAdvisor'
DEBUG [main] - Creating instance of bean 'org.springframework.transaction.config.internalTransactionAdvisor'
DEBUG [main] - Eagerly caching bean 'org.springframework.transaction.config.internalTransactionAdvisor' to allow for resolving potential circular references
DEBUG [main] - Creating shared instance of singleton bean 'org.springframework.transaction.annotation.AnnotationTransactionAttributeSource#0'
DEBUG [main] - Creating instance of bean 'org.springframework.transaction.annotation.AnnotationTransactionAttributeSource#0'
DEBUG [main] - Skipping currently created advisor 'org.springframework.transaction.config.internalTransactionAdvisor'
DEBUG [main] - Creating shared instance of singleton bean 'org.springframework.aop.support.DefaultBeanFactoryPointcutAdvisor#0'
DEBUG [main] - Creating instance of bean 'org.springframework.aop.support.DefaultBeanFactoryPointcutAdvisor#0'
DEBUG [main] - Eagerly caching bean 'org.springframework.aop.support.DefaultBeanFactoryPointcutAdvisor#0' to allow for resolving potential circular references
DEBUG [main] - Creating instance of bean 'points'
DEBUG [main] - Finished creating instance of bean 'points'
DEBUG [main] - Finished creating instance of bean 'org.springframework.aop.support.DefaultBeanFactoryPointcutAdvisor#0'
DEBUG [main] - Eagerly caching bean 'org.springframework.transaction.annotation.AnnotationTransactionAttributeSource#0' to allow for resolving potential circular references
DEBUG [main] - Skipping currently created advisor 'org.springframework.transaction.config.internalTransactionAdvisor'
DEBUG [main] - Returning cached instance of singleton bean 'org.springframework.aop.support.DefaultBeanFactoryPointcutAdvisor#0'
DEBUG [main] - Skipping currently created advisor 'org.springframework.transaction.config.internalTransactionAdvisor'
DEBUG [main] - Returning cached instance of singleton bean 'org.springframework.aop.support.DefaultBeanFactoryPointcutAdvisor#0'
DEBUG [main] - Finished creating instance of bean 'org.springframework.transaction.annotation.AnnotationTransactionAttributeSource#0'
DEBUG [main] - Finished creating instance of bean 'org.springframework.transaction.config.internalTransactionAdvisor'
DEBUG [main] - Returning cached instance of singleton bean 'org.springframework.aop.support.DefaultBeanFactoryPointcutAdvisor#0'
DEBUG [main] - Registered injected element on class [com.aaa.biz.impl.MemberBizImpl]: AutowiredFieldElement for private com.aaa.mapper.MemberDaoMapper com.aaa.biz.impl.MemberBizImpl.memberDaoMapper
DEBUG [main] - Eagerly caching bean 'memberBizImpl' to allow for resolving potential circular references
DEBUG [main] - Processing injected method of bean 'memberBizImpl': AutowiredFieldElement for private com.aaa.mapper.MemberDaoMapper com.aaa.biz.impl.MemberBizImpl.memberDaoMapper
DEBUG [main] - Returning cached instance of singleton bean 'org.springframework.transaction.config.internalTransactionAdvisor'
DEBUG [main] - Returning cached instance of singleton bean 'org.springframework.aop.support.DefaultBeanFactoryPointcutAdvisor#0'
DEBUG [main] - Logging initialized using 'class org.apache.ibatis.logging.slf4j.Slf4jImpl' adapter.
DEBUG [main] - Returning cached instance of singleton bean 'org.springframework.transaction.config.internalTransactionAdvisor'
DEBUG [main] - Returning cached instance of singleton bean 'org.springframework.aop.support.DefaultBeanFactoryPointcutAdvisor#0'
DEBUG [main] - Creating shared instance of singleton bean 'memberDaoMapper'
DEBUG [main] - Creating instance of bean 'memberDaoMapper'
DEBUG [main] - Eagerly caching bean 'memberDaoMapper' to allow for resolving potential circular references
DEBUG [main] - Creating shared instance of singleton bean 'sqlSessionFactory'
DEBUG [main] - Creating instance of bean 'sqlSessionFactory'
DEBUG [main] - Eagerly caching bean 'sqlSessionFactory' to allow for resolving potential circular references
DEBUG [main] - Creating shared instance of singleton bean 'dataSource'
DEBUG [main] - Creating instance of bean 'dataSource'
DEBUG [main] - Returning cached instance of singleton bean 'org.springframework.transaction.config.internalTransactionAdvisor'
DEBUG [main] - Returning cached instance of singleton bean 'org.springframework.aop.support.DefaultBeanFactoryPointcutAdvisor#0'
DEBUG [main] - Eagerly caching bean 'dataSource' to allow for resolving potential circular references
DEBUG [main] - Returning cached instance of singleton bean 'org.springframework.transaction.config.internalTransactionAdvisor'
DEBUG [main] - Returning cached instance of singleton bean 'org.springframework.aop.support.DefaultBeanFactoryPointcutAdvisor#0'
DEBUG [main] - Returning cached instance of singleton bean 'org.springframework.transaction.config.internalTransactionAdvisor'
DEBUG [main] - Returning cached instance of singleton bean 'org.springframework.aop.support.DefaultBeanFactoryPointcutAdvisor#0'
DEBUG [main] - Finished creating instance of bean 'dataSource'
DEBUG [main] - Invoking afterPropertiesSet() on bean with name 'sqlSessionFactory'
DEBUG [main] - Class not found: org.jboss.vfs.VFS
DEBUG [main] - JBoss 6 VFS API is not available in this environment.
DEBUG [main] - Class not found: org.jboss.vfs.VirtualFile
DEBUG [main] - VFS implementation org.apache.ibatis.io.JBoss6VFS is not valid in this environment.
DEBUG [main] - Using VFS adapter org.apache.ibatis.io.DefaultVFS
DEBUG [main] - Find JAR URL: file:/E:/eclipse-jee-2018-09-win32-x86_64/eclipse/workspace/Childcare_sys/WebRoot/WEB-INF/classes/com/aaa/entity
DEBUG [main] - Not a JAR: file:/E:/eclipse-jee-2018-09-win32-x86_64/eclipse/workspace/Childcare_sys/WebRoot/WEB-INF/classes/com/aaa/entity
DEBUG [main] - Reader entry: Member.class
DEBUG [main] - Reader entry: Parenting.class
DEBUG [main] - Reader entry: Posts.class
DEBUG [main] - Reader entry: Reposts.class
DEBUG [main] - Reader entry: User.class
DEBUG [main] - Listing file:/E:/eclipse-jee-2018-09-win32-x86_64/eclipse/workspace/Childcare_sys/WebRoot/WEB-INF/classes/com/aaa/entity
DEBUG [main] - Find JAR URL: file:/E:/eclipse-jee-2018-09-win32-x86_64/eclipse/workspace/Childcare_sys/WebRoot/WEB-INF/classes/com/aaa/entity/Member.class
DEBUG [main] - Not a JAR: file:/E:/eclipse-jee-2018-09-win32-x86_64/eclipse/workspace/Childcare_sys/WebRoot/WEB-INF/classes/com/aaa/entity/Member.class
DEBUG [main] - Reader entry: 漱壕4Vcom/aaa/entity/Memberjava/lang/ObjectidLjava/lang/Integer;usernameLjava/lang/String;reasonstateI
DEBUG [main] - Find JAR URL: file:/E:/eclipse-jee-2018-09-win32-x86_64/eclipse/workspace/Childcare_sys/WebRoot/WEB-INF/classes/com/aaa/entity/Parenting.class
DEBUG [main] - Not a JAR: file:/E:/eclipse-jee-2018-09-win32-x86_64/eclipse/workspace/Childcare_sys/WebRoot/WEB-INF/classes/com/aaa/entity/Parenting.class
DEBUG [main] - Reader entry: 漱壕4Mcom/aaa/entity/Parentingjava/lang/ObjectidLjava/lang/Integer;textLjava/lang/String;timeLjava/util/Date;authorgetId()Ljava/lang/Integer;Code	LineNumberTableLocalVariableTablethisLcom/aaa/entity/Parenting;setId(Ljava/lang/Integer;)VgetText()Ljava/lang/String;	setText(Ljava/lang/String;)VgetTime()Ljava/util/Date;	 	
DEBUG [main] - Find JAR URL: file:/E:/eclipse-jee-2018-09-win32-x86_64/eclipse/workspace/Childcare_sys/WebRoot/WEB-INF/classes/com/aaa/entity/Posts.class
DEBUG [main] - Not a JAR: file:/E:/eclipse-jee-2018-09-win32-x86_64/eclipse/workspace/Childcare_sys/WebRoot/WEB-INF/classes/com/aaa/entity/Posts.class
DEBUG [main] - Reader entry: 漱壕4Tcom/aaa/entity/Postsjava/lang/ObjectidLjava/lang/Integer;nameLjava/lang/String;texttimeLjava/util/Date;authorgetId()Ljava/lang/Integer;Code	LineNumberTableLocalVariableTablethisLcom/aaa/entity/Posts;setId(Ljava/lang/Integer;)VgetName()Ljava/lang/String;	setName(Ljava/lang/String;)VgetText	 	setTextgetTime()Ljava/util/Date;	%
DEBUG [main] - Find JAR URL: file:/E:/eclipse-jee-2018-09-win32-x86_64/eclipse/workspace/Childcare_sys/WebRoot/WEB-INF/classes/com/aaa/entity/Reposts.class
DEBUG [main] - Not a JAR: file:/E:/eclipse-jee-2018-09-win32-x86_64/eclipse/workspace/Childcare_sys/WebRoot/WEB-INF/classes/com/aaa/entity/Reposts.class
DEBUG [main] - Reader entry: 漱壕4[com/aaa/entity/Repostsjava/lang/ObjectidLjava/lang/Integer;	repost_idtextLjava/lang/String;repost_usertimeLjava/util/Date;namegetId()Ljava/lang/Integer;Code	LineNumberTableLocalVariableTablethisLcom/aaa/entity/Reposts;setId(Ljava/lang/Integer;)VgetRepost_id	setRepost_idgetRepost_user()Ljava/lang/String;	 
DEBUG [main] - Find JAR URL: file:/E:/eclipse-jee-2018-09-win32-x86_64/eclipse/workspace/Childcare_sys/WebRoot/WEB-INF/classes/com/aaa/entity/User.class
DEBUG [main] - Not a JAR: file:/E:/eclipse-jee-2018-09-win32-x86_64/eclipse/workspace/Childcare_sys/WebRoot/WEB-INF/classes/com/aaa/entity/User.class
DEBUG [main] - Reader entry: 漱壕4ecom/aaa/entity/Userjava/lang/ObjectidIusernameLjava/lang/String;passwordaddressstateperareaprovince
DEBUG [main] - Checking to see if class com.aaa.entity.Member matches criteria [is assignable to Object]
DEBUG [main] - Checking to see if class com.aaa.entity.Parenting matches criteria [is assignable to Object]
DEBUG [main] - Checking to see if class com.aaa.entity.Posts matches criteria [is assignable to Object]
DEBUG [main] - Checking to see if class com.aaa.entity.Reposts matches criteria [is assignable to Object]
DEBUG [main] - Checking to see if class com.aaa.entity.User matches criteria [is assignable to Object]
DEBUG [main] - Logging initialized using 'class org.apache.ibatis.logging.log4j.Log4jImpl' adapter.
DEBUG [main] - Parsed configuration file: 'class path resource [mybatis/mybatis-config.xml]'
DEBUG [main] - Property 'mapperLocations' was not specified or no matching resources found
DEBUG [main] - Returning cached instance of singleton bean 'org.springframework.transaction.config.internalTransactionAdvisor'
DEBUG [main] - Returning cached instance of singleton bean 'org.springframework.aop.support.DefaultBeanFactoryPointcutAdvisor#0'
DEBUG [main] - Returning cached instance of singleton bean 'org.springframework.transaction.config.internalTransactionAdvisor'
DEBUG [main] - Returning cached instance of singleton bean 'org.springframework.aop.support.DefaultBeanFactoryPointcutAdvisor#0'
DEBUG [main] - Finished creating instance of bean 'sqlSessionFactory'
DEBUG [main] - Returning cached instance of singleton bean 'org.springframework.transaction.config.internalTransactionAdvisor'
DEBUG [main] - Returning cached instance of singleton bean 'org.springframework.aop.support.DefaultBeanFactoryPointcutAdvisor#0'
DEBUG [main] - Returning cached instance of singleton bean 'org.springframework.transaction.config.internalTransactionAdvisor'
DEBUG [main] - Returning cached instance of singleton bean 'org.springframework.aop.support.DefaultBeanFactoryPointcutAdvisor#0'
DEBUG [main] - Invoking afterPropertiesSet() on bean with name 'memberDaoMapper'
DEBUG [main] - Returning cached instance of singleton bean 'org.springframework.transaction.config.internalTransactionAdvisor'
DEBUG [main] - Returning cached instance of singleton bean 'org.springframework.aop.support.DefaultBeanFactoryPointcutAdvisor#0'
DEBUG [main] - Returning cached instance of singleton bean 'org.springframework.transaction.config.internalTransactionAdvisor'
DEBUG [main] - Returning cached instance of singleton bean 'org.springframework.aop.support.DefaultBeanFactoryPointcutAdvisor#0'
DEBUG [main] - Finished creating instance of bean 'memberDaoMapper'
DEBUG [main] - Returning cached instance of singleton bean 'org.springframework.transaction.config.internalTransactionAdvisor'
DEBUG [main] - Returning cached instance of singleton bean 'org.springframework.aop.support.DefaultBeanFactoryPointcutAdvisor#0'
DEBUG [main] - Creating shared instance of singleton bean 'parentingDaoMapper'
DEBUG [main] - Creating instance of bean 'parentingDaoMapper'
DEBUG [main] - Eagerly caching bean 'parentingDaoMapper' to allow for resolving potential circular references
DEBUG [main] - Returning cached instance of singleton bean 'sqlSessionFactory'
DEBUG [main] - Invoking afterPropertiesSet() on bean with name 'parentingDaoMapper'
DEBUG [main] - Returning cached instance of singleton bean 'org.springframework.transaction.config.internalTransactionAdvisor'
DEBUG [main] - Returning cached instance of singleton bean 'org.springframework.aop.support.DefaultBeanFactoryPointcutAdvisor#0'
DEBUG [main] - Returning cached instance of singleton bean 'org.springframework.transaction.config.internalTransactionAdvisor'
DEBUG [main] - Returning cached instance of singleton bean 'org.springframework.aop.support.DefaultBeanFactoryPointcutAdvisor#0'
DEBUG [main] - Finished creating instance of bean 'parentingDaoMapper'
DEBUG [main] - Returning cached instance of singleton bean 'org.springframework.transaction.config.internalTransactionAdvisor'
DEBUG [main] - Returning cached instance of singleton bean 'org.springframework.aop.support.DefaultBeanFactoryPointcutAdvisor#0'
DEBUG [main] - Creating shared instance of singleton bean 'postsDaoMapper'
DEBUG [main] - Creating instance of bean 'postsDaoMapper'
DEBUG [main] - Eagerly caching bean 'postsDaoMapper' to allow for resolving potential circular references
DEBUG [main] - Returning cached instance of singleton bean 'sqlSessionFactory'
DEBUG [main] - Invoking afterPropertiesSet() on bean with name 'postsDaoMapper'
DEBUG [main] - Returning cached instance of singleton bean 'org.springframework.transaction.config.internalTransactionAdvisor'
DEBUG [main] - Returning cached instance of singleton bean 'org.springframework.aop.support.DefaultBeanFactoryPointcutAdvisor#0'
DEBUG [main] - Returning cached instance of singleton bean 'org.springframework.transaction.config.internalTransactionAdvisor'
DEBUG [main] - Returning cached instance of singleton bean 'org.springframework.aop.support.DefaultBeanFactoryPointcutAdvisor#0'
DEBUG [main] - Finished creating instance of bean 'postsDaoMapper'
DEBUG [main] - Returning cached instance of singleton bean 'org.springframework.transaction.config.internalTransactionAdvisor'
DEBUG [main] - Returning cached instance of singleton bean 'org.springframework.aop.support.DefaultBeanFactoryPointcutAdvisor#0'
DEBUG [main] - Creating shared instance of singleton bean 'repostsDaoMapper'
DEBUG [main] - Creating instance of bean 'repostsDaoMapper'
DEBUG [main] - Eagerly caching bean 'repostsDaoMapper' to allow for resolving potential circular references
DEBUG [main] - Returning cached instance of singleton bean 'sqlSessionFactory'
DEBUG [main] - Invoking afterPropertiesSet() on bean with name 'repostsDaoMapper'
DEBUG [main] - Returning cached instance of singleton bean 'org.springframework.transaction.config.internalTransactionAdvisor'
DEBUG [main] - Returning cached instance of singleton bean 'org.springframework.aop.support.DefaultBeanFactoryPointcutAdvisor#0'
DEBUG [main] - Returning cached instance of singleton bean 'org.springframework.transaction.config.internalTransactionAdvisor'
DEBUG [main] - Returning cached instance of singleton bean 'org.springframework.aop.support.DefaultBeanFactoryPointcutAdvisor#0'
DEBUG [main] - Finished creating instance of bean 'repostsDaoMapper'
DEBUG [main] - Returning cached instance of singleton bean 'org.springframework.transaction.config.internalTransactionAdvisor'
DEBUG [main] - Returning cached instance of singleton bean 'org.springframework.aop.support.DefaultBeanFactoryPointcutAdvisor#0'
DEBUG [main] - Creating shared instance of singleton bean 'userMapper'
DEBUG [main] - Creating instance of bean 'userMapper'
DEBUG [main] - Eagerly caching bean 'userMapper' to allow for resolving potential circular references
DEBUG [main] - Returning cached instance of singleton bean 'sqlSessionFactory'
DEBUG [main] - Invoking afterPropertiesSet() on bean with name 'userMapper'
DEBUG [main] - Returning cached instance of singleton bean 'org.springframework.transaction.config.internalTransactionAdvisor'
DEBUG [main] - Returning cached instance of singleton bean 'org.springframework.aop.support.DefaultBeanFactoryPointcutAdvisor#0'
DEBUG [main] - Returning cached instance of singleton bean 'org.springframework.transaction.config.internalTransactionAdvisor'
DEBUG [main] - Returning cached instance of singleton bean 'org.springframework.aop.support.DefaultBeanFactoryPointcutAdvisor#0'
DEBUG [main] - Finished creating instance of bean 'userMapper'
DEBUG [main] - Returning cached instance of singleton bean 'memberDaoMapper'
DEBUG [main] - Returning cached instance of singleton bean 'org.springframework.transaction.config.internalTransactionAdvisor'
DEBUG [main] - Returning cached instance of singleton bean 'org.springframework.aop.support.DefaultBeanFactoryPointcutAdvisor#0'
DEBUG [main] - Returning cached instance of singleton bean 'org.springframework.transaction.config.internalTransactionAdvisor'
DEBUG [main] - Returning cached instance of singleton bean 'org.springframework.aop.support.DefaultBeanFactoryPointcutAdvisor#0'
DEBUG [main] - Autowiring by type from bean name 'memberBizImpl' to bean named 'memberDaoMapper'
DEBUG [main] - Returning cached instance of singleton bean 'org.springframework.transaction.config.internalTransactionAdvisor'
DEBUG [main] - Returning cached instance of singleton bean 'org.springframework.aop.support.DefaultBeanFactoryPointcutAdvisor#0'
DEBUG [main] - Returning cached instance of singleton bean 'org.springframework.transaction.config.internalTransactionAdvisor'
DEBUG [main] - Returning cached instance of singleton bean 'org.springframework.aop.support.DefaultBeanFactoryPointcutAdvisor#0'
DEBUG [main] - Creating shared instance of singleton bean 'txadvice'
DEBUG [main] - Creating instance of bean 'txadvice'
DEBUG [main] - Eagerly caching bean 'txadvice' to allow for resolving potential circular references
DEBUG [main] - Creating shared instance of singleton bean 'transactionManager'
DEBUG [main] - Creating instance of bean 'transactionManager'
DEBUG [main] - Returning cached instance of singleton bean 'org.springframework.transaction.config.internalTransactionAdvisor'
DEBUG [main] - Returning cached instance of singleton bean 'org.springframework.aop.support.DefaultBeanFactoryPointcutAdvisor#0'
DEBUG [main] - Eagerly caching bean 'transactionManager' to allow for resolving potential circular references
DEBUG [main] - Returning cached instance of singleton bean 'dataSource'
DEBUG [main] - Invoking afterPropertiesSet() on bean with name 'transactionManager'
DEBUG [main] - Returning cached instance of singleton bean 'org.springframework.transaction.config.internalTransactionAdvisor'
DEBUG [main] - Returning cached instance of singleton bean 'org.springframework.aop.support.DefaultBeanFactoryPointcutAdvisor#0'
DEBUG [main] - Returning cached instance of singleton bean 'org.springframework.transaction.config.internalTransactionAdvisor'
DEBUG [main] - Returning cached instance of singleton bean 'org.springframework.aop.support.DefaultBeanFactoryPointcutAdvisor#0'
DEBUG [main] - Finished creating instance of bean 'transactionManager'
DEBUG [main] - Creating instance of bean '(inner bean)'
DEBUG [main] - Returning cached instance of singleton bean 'org.springframework.transaction.config.internalTransactionAdvisor'
DEBUG [main] - Returning cached instance of singleton bean 'org.springframework.aop.support.DefaultBeanFactoryPointcutAdvisor#0'
DEBUG [main] - Adding transactional method [*] with attribute [PROPAGATION_REQUIRED,ISOLATION_DEFAULT]
DEBUG [main] - Returning cached instance of singleton bean 'org.springframework.transaction.config.internalTransactionAdvisor'
DEBUG [main] - Returning cached instance of singleton bean 'org.springframework.aop.support.DefaultBeanFactoryPointcutAdvisor#0'
DEBUG [main] - Returning cached instance of singleton bean 'org.springframework.transaction.config.internalTransactionAdvisor'
DEBUG [main] - Returning cached instance of singleton bean 'org.springframework.aop.support.DefaultBeanFactoryPointcutAdvisor#0'
DEBUG [main] - Finished creating instance of bean '(inner bean)'
DEBUG [main] - Invoking afterPropertiesSet() on bean with name 'txadvice'
DEBUG [main] - Finished creating instance of bean 'txadvice'
DEBUG [main] - Creating implicit proxy for bean 'memberBizImpl' with 0 common interceptors and 2 specific interceptors
DEBUG [main] - Creating JDK dynamic proxy: target source is SingletonTargetSource for target object [com.aaa.biz.impl.MemberBizImpl@5b6ec132]
DEBUG [main] - Finished creating instance of bean 'memberBizImpl'
DEBUG [main] - Creating shared instance of singleton bean 'parentingBizImpl'
DEBUG [main] - Creating instance of bean 'parentingBizImpl'
DEBUG [main] - Returning cached instance of singleton bean 'org.springframework.transaction.config.internalTransactionAdvisor'
DEBUG [main] - Returning cached instance of singleton bean 'org.springframework.aop.support.DefaultBeanFactoryPointcutAdvisor#0'
DEBUG [main] - Registered injected element on class [com.aaa.biz.impl.ParentingBizImpl]: AutowiredFieldElement for private com.aaa.mapper.ParentingDaoMapper com.aaa.biz.impl.ParentingBizImpl.parentingDaoMapper
DEBUG [main] - Eagerly caching bean 'parentingBizImpl' to allow for resolving potential circular references
DEBUG [main] - Processing injected method of bean 'parentingBizImpl': AutowiredFieldElement for private com.aaa.mapper.ParentingDaoMapper com.aaa.biz.impl.ParentingBizImpl.parentingDaoMapper
DEBUG [main] - Returning cached instance of singleton bean 'parentingDaoMapper'
DEBUG [main] - Returning cached instance of singleton bean 'org.springframework.transaction.config.internalTransactionAdvisor'
DEBUG [main] - Returning cached instance of singleton bean 'org.springframework.aop.support.DefaultBeanFactoryPointcutAdvisor#0'
DEBUG [main] - Returning cached instance of singleton bean 'org.springframework.transaction.config.internalTransactionAdvisor'
DEBUG [main] - Returning cached instance of singleton bean 'org.springframework.aop.support.DefaultBeanFactoryPointcutAdvisor#0'
DEBUG [main] - Autowiring by type from bean name 'parentingBizImpl' to bean named 'parentingDaoMapper'
DEBUG [main] - Returning cached instance of singleton bean 'org.springframework.transaction.config.internalTransactionAdvisor'
DEBUG [main] - Returning cached instance of singleton bean 'org.springframework.aop.support.DefaultBeanFactoryPointcutAdvisor#0'
DEBUG [main] - Returning cached instance of singleton bean 'org.springframework.transaction.config.internalTransactionAdvisor'
DEBUG [main] - Returning cached instance of singleton bean 'org.springframework.aop.support.DefaultBeanFactoryPointcutAdvisor#0'
DEBUG [main] - Creating implicit proxy for bean 'parentingBizImpl' with 0 common interceptors and 2 specific interceptors
DEBUG [main] - Creating JDK dynamic proxy: target source is SingletonTargetSource for target object [com.aaa.biz.impl.ParentingBizImpl@21337f7b]
DEBUG [main] - Finished creating instance of bean 'parentingBizImpl'
DEBUG [main] - Creating shared instance of singleton bean 'postsBizImpl'
DEBUG [main] - Creating instance of bean 'postsBizImpl'
DEBUG [main] - Returning cached instance of singleton bean 'org.springframework.transaction.config.internalTransactionAdvisor'
DEBUG [main] - Returning cached instance of singleton bean 'org.springframework.aop.support.DefaultBeanFactoryPointcutAdvisor#0'
DEBUG [main] - Registered injected element on class [com.aaa.biz.impl.PostsBizImpl]: AutowiredFieldElement for private com.aaa.mapper.PostsDaoMapper com.aaa.biz.impl.PostsBizImpl.postsDaoMapper
DEBUG [main] - Eagerly caching bean 'postsBizImpl' to allow for resolving potential circular references
DEBUG [main] - Processing injected method of bean 'postsBizImpl': AutowiredFieldElement for private com.aaa.mapper.PostsDaoMapper com.aaa.biz.impl.PostsBizImpl.postsDaoMapper
DEBUG [main] - Returning cached instance of singleton bean 'postsDaoMapper'
DEBUG [main] - Returning cached instance of singleton bean 'org.springframework.transaction.config.internalTransactionAdvisor'
DEBUG [main] - Returning cached instance of singleton bean 'org.springframework.aop.support.DefaultBeanFactoryPointcutAdvisor#0'
DEBUG [main] - Returning cached instance of singleton bean 'org.springframework.transaction.config.internalTransactionAdvisor'
DEBUG [main] - Returning cached instance of singleton bean 'org.springframework.aop.support.DefaultBeanFactoryPointcutAdvisor#0'
DEBUG [main] - Autowiring by type from bean name 'postsBizImpl' to bean named 'postsDaoMapper'
DEBUG [main] - Returning cached instance of singleton bean 'org.springframework.transaction.config.internalTransactionAdvisor'
DEBUG [main] - Returning cached instance of singleton bean 'org.springframework.aop.support.DefaultBeanFactoryPointcutAdvisor#0'
DEBUG [main] - Returning cached instance of singleton bean 'org.springframework.transaction.config.internalTransactionAdvisor'
DEBUG [main] - Returning cached instance of singleton bean 'org.springframework.aop.support.DefaultBeanFactoryPointcutAdvisor#0'
DEBUG [main] - Creating implicit proxy for bean 'postsBizImpl' with 0 common interceptors and 2 specific interceptors
DEBUG [main] - Creating JDK dynamic proxy: target source is SingletonTargetSource for target object [com.aaa.biz.impl.PostsBizImpl@60856961]
DEBUG [main] - Finished creating instance of bean 'postsBizImpl'
DEBUG [main] - Creating shared instance of singleton bean 'repostsBizImpl'
DEBUG [main] - Creating instance of bean 'repostsBizImpl'
DEBUG [main] - Returning cached instance of singleton bean 'org.springframework.transaction.config.internalTransactionAdvisor'
DEBUG [main] - Returning cached instance of singleton bean 'org.springframework.aop.support.DefaultBeanFactoryPointcutAdvisor#0'
DEBUG [main] - Registered injected element on class [com.aaa.biz.impl.RepostsBizImpl]: AutowiredFieldElement for private com.aaa.mapper.RepostsDaoMapper com.aaa.biz.impl.RepostsBizImpl.repostsDaoMapper
DEBUG [main] - Eagerly caching bean 'repostsBizImpl' to allow for resolving potential circular references
DEBUG [main] - Processing injected method of bean 'repostsBizImpl': AutowiredFieldElement for private com.aaa.mapper.RepostsDaoMapper com.aaa.biz.impl.RepostsBizImpl.repostsDaoMapper
DEBUG [main] - Returning cached instance of singleton bean 'repostsDaoMapper'
DEBUG [main] - Returning cached instance of singleton bean 'org.springframework.transaction.config.internalTransactionAdvisor'
DEBUG [main] - Returning cached instance of singleton bean 'org.springframework.aop.support.DefaultBeanFactoryPointcutAdvisor#0'
DEBUG [main] - Returning cached instance of singleton bean 'org.springframework.transaction.config.internalTransactionAdvisor'
DEBUG [main] - Returning cached instance of singleton bean 'org.springframework.aop.support.DefaultBeanFactoryPointcutAdvisor#0'
DEBUG [main] - Autowiring by type from bean name 'repostsBizImpl' to bean named 'repostsDaoMapper'
DEBUG [main] - Returning cached instance of singleton bean 'org.springframework.transaction.config.internalTransactionAdvisor'
DEBUG [main] - Returning cached instance of singleton bean 'org.springframework.aop.support.DefaultBeanFactoryPointcutAdvisor#0'
DEBUG [main] - Returning cached instance of singleton bean 'org.springframework.transaction.config.internalTransactionAdvisor'
DEBUG [main] - Returning cached instance of singleton bean 'org.springframework.aop.support.DefaultBeanFactoryPointcutAdvisor#0'
DEBUG [main] - Creating implicit proxy for bean 'repostsBizImpl' with 0 common interceptors and 2 specific interceptors
DEBUG [main] - Creating JDK dynamic proxy: target source is SingletonTargetSource for target object [com.aaa.biz.impl.RepostsBizImpl@58326051]
DEBUG [main] - Finished creating instance of bean 'repostsBizImpl'
DEBUG [main] - Creating shared instance of singleton bean 'userBizImpl'
DEBUG [main] - Creating instance of bean 'userBizImpl'
DEBUG [main] - Returning cached instance of singleton bean 'org.springframework.transaction.config.internalTransactionAdvisor'
DEBUG [main] - Returning cached instance of singleton bean 'org.springframework.aop.support.DefaultBeanFactoryPointcutAdvisor#0'
DEBUG [main] - Registered injected element on class [com.aaa.biz.impl.UserBizImpl]: AutowiredFieldElement for private com.aaa.mapper.UserMapper com.aaa.biz.impl.UserBizImpl.userMapper
DEBUG [main] - Eagerly caching bean 'userBizImpl' to allow for resolving potential circular references
DEBUG [main] - Processing injected method of bean 'userBizImpl': AutowiredFieldElement for private com.aaa.mapper.UserMapper com.aaa.biz.impl.UserBizImpl.userMapper
DEBUG [main] - Returning cached instance of singleton bean 'userMapper'
DEBUG [main] - Returning cached instance of singleton bean 'org.springframework.transaction.config.internalTransactionAdvisor'
DEBUG [main] - Returning cached instance of singleton bean 'org.springframework.aop.support.DefaultBeanFactoryPointcutAdvisor#0'
DEBUG [main] - Returning cached instance of singleton bean 'org.springframework.transaction.config.internalTransactionAdvisor'
DEBUG [main] - Returning cached instance of singleton bean 'org.springframework.aop.support.DefaultBeanFactoryPointcutAdvisor#0'
DEBUG [main] - Autowiring by type from bean name 'userBizImpl' to bean named 'userMapper'
DEBUG [main] - Returning cached instance of singleton bean 'org.springframework.transaction.config.internalTransactionAdvisor'
DEBUG [main] - Returning cached instance of singleton bean 'org.springframework.aop.support.DefaultBeanFactoryPointcutAdvisor#0'
DEBUG [main] - Returning cached instance of singleton bean 'org.springframework.transaction.config.internalTransactionAdvisor'
DEBUG [main] - Returning cached instance of singleton bean 'org.springframework.aop.support.DefaultBeanFactoryPointcutAdvisor#0'
DEBUG [main] - Creating implicit proxy for bean 'userBizImpl' with 0 common interceptors and 2 specific interceptors
DEBUG [main] - Creating JDK dynamic proxy: target source is SingletonTargetSource for target object [com.aaa.biz.impl.UserBizImpl@36328d33]
DEBUG [main] - Finished creating instance of bean 'userBizImpl'
DEBUG [main] - Creating shared instance of singleton bean 'memberController'
DEBUG [main] - Creating instance of bean 'memberController'
DEBUG [main] - Returning cached instance of singleton bean 'org.springframework.transaction.config.internalTransactionAdvisor'
DEBUG [main] - Returning cached instance of singleton bean 'org.springframework.aop.support.DefaultBeanFactoryPointcutAdvisor#0'
DEBUG [main] - Registered injected element on class [com.aaa.controller.MemberController]: AutowiredFieldElement for private com.aaa.biz.MemberBiz com.aaa.controller.MemberController.memberBiz
DEBUG [main] - Eagerly caching bean 'memberController' to allow for resolving potential circular references
DEBUG [main] - Processing injected method of bean 'memberController': AutowiredFieldElement for private com.aaa.biz.MemberBiz com.aaa.controller.MemberController.memberBiz
DEBUG [main] - Returning cached instance of singleton bean 'memberBizImpl'
DEBUG [main] - Autowiring by type from bean name 'memberController' to bean named 'memberBizImpl'
DEBUG [main] - Returning cached instance of singleton bean 'org.springframework.transaction.config.internalTransactionAdvisor'
DEBUG [main] - Returning cached instance of singleton bean 'org.springframework.aop.support.DefaultBeanFactoryPointcutAdvisor#0'
DEBUG [main] - Returning cached instance of singleton bean 'org.springframework.transaction.config.internalTransactionAdvisor'
DEBUG [main] - Returning cached instance of singleton bean 'org.springframework.aop.support.DefaultBeanFactoryPointcutAdvisor#0'
DEBUG [main] - Finished creating instance of bean 'memberController'
DEBUG [main] - Creating shared instance of singleton bean 'parentingController'
DEBUG [main] - Creating instance of bean 'parentingController'
DEBUG [main] - Returning cached instance of singleton bean 'org.springframework.transaction.config.internalTransactionAdvisor'
DEBUG [main] - Returning cached instance of singleton bean 'org.springframework.aop.support.DefaultBeanFactoryPointcutAdvisor#0'
DEBUG [main] - Registered injected element on class [com.aaa.controller.ParentingController]: AutowiredFieldElement for private com.aaa.biz.ParentingBiz com.aaa.controller.ParentingController.parentingBiz
DEBUG [main] - Eagerly caching bean 'parentingController' to allow for resolving potential circular references
DEBUG [main] - Processing injected method of bean 'parentingController': AutowiredFieldElement for private com.aaa.biz.ParentingBiz com.aaa.controller.ParentingController.parentingBiz
DEBUG [main] - Returning cached instance of singleton bean 'parentingBizImpl'
DEBUG [main] - Autowiring by type from bean name 'parentingController' to bean named 'parentingBizImpl'
DEBUG [main] - Returning cached instance of singleton bean 'org.springframework.transaction.config.internalTransactionAdvisor'
DEBUG [main] - Returning cached instance of singleton bean 'org.springframework.aop.support.DefaultBeanFactoryPointcutAdvisor#0'
DEBUG [main] - Returning cached instance of singleton bean 'org.springframework.transaction.config.internalTransactionAdvisor'
DEBUG [main] - Returning cached instance of singleton bean 'org.springframework.aop.support.DefaultBeanFactoryPointcutAdvisor#0'
DEBUG [main] - Finished creating instance of bean 'parentingController'
DEBUG [main] - Creating shared instance of singleton bean 'postsController'
DEBUG [main] - Creating instance of bean 'postsController'
DEBUG [main] - Returning cached instance of singleton bean 'org.springframework.transaction.config.internalTransactionAdvisor'
DEBUG [main] - Returning cached instance of singleton bean 'org.springframework.aop.support.DefaultBeanFactoryPointcutAdvisor#0'
DEBUG [main] - Registered injected element on class [com.aaa.controller.PostsController]: AutowiredFieldElement for private com.aaa.biz.PostsBiz com.aaa.controller.PostsController.postsBiz
DEBUG [main] - Eagerly caching bean 'postsController' to allow for resolving potential circular references
DEBUG [main] - Processing injected method of bean 'postsController': AutowiredFieldElement for private com.aaa.biz.PostsBiz com.aaa.controller.PostsController.postsBiz
DEBUG [main] - Returning cached instance of singleton bean 'postsBizImpl'
DEBUG [main] - Autowiring by type from bean name 'postsController' to bean named 'postsBizImpl'
DEBUG [main] - Returning cached instance of singleton bean 'org.springframework.transaction.config.internalTransactionAdvisor'
DEBUG [main] - Returning cached instance of singleton bean 'org.springframework.aop.support.DefaultBeanFactoryPointcutAdvisor#0'
DEBUG [main] - Returning cached instance of singleton bean 'org.springframework.transaction.config.internalTransactionAdvisor'
DEBUG [main] - Returning cached instance of singleton bean 'org.springframework.aop.support.DefaultBeanFactoryPointcutAdvisor#0'
DEBUG [main] - Finished creating instance of bean 'postsController'
DEBUG [main] - Creating shared instance of singleton bean 'repostsController'
DEBUG [main] - Creating instance of bean 'repostsController'
DEBUG [main] - Returning cached instance of singleton bean 'org.springframework.transaction.config.internalTransactionAdvisor'
DEBUG [main] - Returning cached instance of singleton bean 'org.springframework.aop.support.DefaultBeanFactoryPointcutAdvisor#0'
DEBUG [main] - Registered injected element on class [com.aaa.controller.RepostsController]: AutowiredFieldElement for private com.aaa.biz.RepostsBiz com.aaa.controller.RepostsController.repostsBiz
DEBUG [main] - Eagerly caching bean 'repostsController' to allow for resolving potential circular references
DEBUG [main] - Processing injected method of bean 'repostsController': AutowiredFieldElement for private com.aaa.biz.RepostsBiz com.aaa.controller.RepostsController.repostsBiz
DEBUG [main] - Returning cached instance of singleton bean 'repostsBizImpl'
DEBUG [main] - Autowiring by type from bean name 'repostsController' to bean named 'repostsBizImpl'
DEBUG [main] - Returning cached instance of singleton bean 'org.springframework.transaction.config.internalTransactionAdvisor'
[...]
	at org.springframework.test.context.junit4.statements.RunAfterTestMethodCallbacks.evaluate(RunAfterTestMethodCallbacks.java:83)
	at org.springframework.test.context.junit4.statements.SpringRepeat.evaluate(SpringRepeat.java:72)
	at org.springframework.test.context.junit4.SpringJUnit4ClassRunner.runChild(SpringJUnit4ClassRunner.java:232)
	at org.springframework.test.context.junit4.SpringJUnit4ClassRunner.runChild(SpringJUnit4ClassRunner.java:89)
	at org.junit.runners.ParentRunner$3.run(ParentRunner.java:231)
	at org.junit.runners.ParentRunner$1.schedule(ParentRunner.java:60)
	at org.junit.runners.ParentRunner.runChildren(ParentRunner.java:229)
	at org.junit.runners.ParentRunner.access$000(ParentRunner.java:50)
	at org.junit.runners.ParentRunner$2.evaluate(ParentRunner.java:222)
	at org.springframework.test.context.junit4.statements.RunBeforeTestClassCallbacks.evaluate(RunBeforeTestClassCallbacks.java:61)
	at org.springframework.test.context.junit4.statements.RunAfterTestClassCallbacks.evaluate(RunAfterTestClassCallbacks.java:71)
	at org.junit.runners.ParentRunner.run(ParentRunner.java:292)
	at org.springframework.test.context.junit4.SpringJUnit4ClassRunner.run(SpringJUnit4ClassRunner.java:175)
	at junit.framework.JUnit4TestAdapter.run(JUnit4TestAdapter.java:39)
	at org.apache.tools.ant.taskdefs.optional.junit.JUnitTestRunner.run(JUnitTestRunner.java:534)
	at org.apache.tools.ant.taskdefs.optional.junit.JUnitTestRunner.launch(JUnitTestRunner.java:1196)
	at org.apache.tools.ant.taskdefs.optional.junit.JUnitTestRunner.main(JUnitTestRunner.java:1041)
Caused by: com.mysql.jdbc.exceptions.jdbc4.MySQLIntegrityConstraintViolationException: Column 'time' cannot be null
	at sun.reflect.NativeConstructorAccessorImpl.newInstance0(Native Method)
	at sun.reflect.NativeConstructorAccessorImpl.newInstance(NativeConstructorAccessorImpl.java:62)
	at sun.reflect.DelegatingConstructorAccessorImpl.newInstance(DelegatingConstructorAccessorImpl.java:45)
	at java.lang.reflect.Constructor.newInstance(Constructor.java:423)
	at com.mysql.jdbc.Util.handleNewInstance(Util.java:406)
	at com.mysql.jdbc.Util.getInstance(Util.java:381)
	at com.mysql.jdbc.SQLError.createSQLException(SQLError.java:1015)
	at com.mysql.jdbc.SQLError.createSQLException(SQLError.java:956)
	at com.mysql.jdbc.MysqlIO.checkErrorPacket(MysqlIO.java:3515)
	at com.mysql.jdbc.MysqlIO.checkErrorPacket(MysqlIO.java:3447)
	at com.mysql.jdbc.MysqlIO.sendCommand(MysqlIO.java:1951)
	at com.mysql.jdbc.MysqlIO.sqlQueryDirect(MysqlIO.java:2101)
	at com.mysql.jdbc.ConnectionImpl.execSQL(ConnectionImpl.java:2554)
	at com.mysql.jdbc.PreparedStatement.executeInternal(PreparedStatement.java:1761)
	at com.mysql.jdbc.PreparedStatement.execute(PreparedStatement.java:1021)
	at org.apache.commons.dbcp.DelegatingPreparedStatement.execute(DelegatingPreparedStatement.java:169)
	at sun.reflect.NativeMethodAccessorImpl.invoke0(Native Method)
	at sun.reflect.NativeMethodAccessorImpl.invoke(NativeMethodAccessorImpl.java:62)
	at sun.reflect.DelegatingMethodAccessorImpl.invoke(DelegatingMethodAccessorImpl.java:43)
	at java.lang.reflect.Method.invoke(Method.java:498)
	at org.apache.ibatis.logging.jdbc.PreparedStatementLogger.invoke(PreparedStatementLogger.java:62)
	at com.sun.proxy.$Proxy39.execute(Unknown Source)
	at org.apache.ibatis.executor.statement.PreparedStatementHandler.update(PreparedStatementHandler.java:44)
	at org.apache.ibatis.executor.statement.RoutingStatementHandler.update(RoutingStatementHandler.java:69)
	at org.apache.ibatis.executor.SimpleExecutor.doUpdate(SimpleExecutor.java:48)
	at org.apache.ibatis.executor.BaseExecutor.update(BaseExecutor.java:105)
	at org.apache.ibatis.executor.CachingExecutor.update(CachingExecutor.java:71)
	at sun.reflect.NativeMethodAccessorImpl.invoke0(Native Method)
	at sun.reflect.NativeMethodAccessorImpl.invoke(NativeMethodAccessorImpl.java:62)
	at sun.reflect.DelegatingMethodAccessorImpl.invoke(DelegatingMethodAccessorImpl.java:43)
	at java.lang.reflect.Method.invoke(Method.java:498)
	at org.apache.ibatis.plugin.Plugin.invoke(Plugin.java:62)
	at com.sun.proxy.$Proxy37.update(Unknown Source)
	at org.apache.ibatis.session.defaults.DefaultSqlSession.update(DefaultSqlSession.java:152)
	at sun.reflect.NativeMethodAccessorImpl.invoke0(Native Method)
	at sun.reflect.NativeMethodAccessorImpl.invoke(NativeMethodAccessorImpl.java:62)
	at sun.reflect.DelegatingMethodAccessorImpl.invoke(DelegatingMethodAccessorImpl.java:43)
	at java.lang.reflect.Method.invoke(Method.java:498)
	at org.mybatis.spring.SqlSessionTemplate$SqlSessionInterceptor.invoke(SqlSessionTemplate.java:358)
	... 68 more
DEBUG [main] - No method-level @Rollback override: using default rollback [true] for test context [DefaultTestContext@335b5620 testClass = PostsControllerTest, testInstance = ControllerTest.PostsControllerTest@551a20d6, testMethod = updPostsTest@PostsControllerTest, testException = [null], mergedContextConfiguration = [WebMergedContextConfiguration@32709393 testClass = PostsControllerTest, locations = '{file:config/spring/applicationContext.xml}', classes = '{}', contextInitializerClasses = '[]', activeProfiles = '{}', resourceBasePath = 'src/main/webapp', contextLoader = 'org.springframework.test.context.web.WebDelegatingSmartContextLoader', parent = [null]]].
DEBUG [main] - Transaction synchronization deregistering SqlSession [org.apache.ibatis.session.defaults.DefaultSqlSession@5398edd0]
DEBUG [main] - Transaction synchronization closing SqlSession [org.apache.ibatis.session.defaults.DefaultSqlSession@5398edd0]
DEBUG [main] - Initiating transaction rollback
DEBUG [main] - Rolling back JDBC transaction on Connection [jdbc:mysql://127.0.0.1:3306/childcare_system?useUnicode=true&amp;characterEncoding=utf8?useUnicode=true&characterEncoding=utf8, UserName=root@localhost, MySQL-AB JDBC Driver]
DEBUG [main] - Releasing JDBC Connection [jdbc:mysql://127.0.0.1:3306/childcare_system?useUnicode=true&amp;characterEncoding=utf8?useUnicode=true&characterEncoding=utf8, UserName=root@localhost, MySQL-AB JDBC Driver] after transaction
DEBUG [main] - Returning JDBC Connection to DataSource
 INFO [main] - Rolled back transaction after test execution for test context [DefaultTestContext@335b5620 testClass = PostsControllerTest, testInstance = ControllerTest.PostsControllerTest@551a20d6, testMethod = updPostsTest@PostsControllerTest, testException = [null], mergedContextConfiguration = [WebMergedContextConfiguration@32709393 testClass = PostsControllerTest, locations = '{file:config/spring/applicationContext.xml}', classes = '{}', contextInitializerClasses = '[]', activeProfiles = '{}', resourceBasePath = 'src/main/webapp', contextLoader = 'org.springframework.test.context.web.WebDelegatingSmartContextLoader', parent = [null]]]
DEBUG [main] - After test method: context [DefaultTestContext@335b5620 testClass = PostsControllerTest, testInstance = ControllerTest.PostsControllerTest@551a20d6, testMethod = updPostsTest@PostsControllerTest, testException = [null], mergedContextConfiguration = [WebMergedContextConfiguration@32709393 testClass = PostsControllerTest, locations = '{file:config/spring/applicationContext.xml}', classes = '{}', contextInitializerClasses = '[]', activeProfiles = '{}', resourceBasePath = 'src/main/webapp', contextLoader = 'org.springframework.test.context.web.WebDelegatingSmartContextLoader', parent = [null]]], class dirties context [false], class mode [null], method dirties context [false].
DEBUG [main] - Resetting RequestContextHolder for test context [DefaultTestContext@335b5620 testClass = PostsControllerTest, testInstance = ControllerTest.PostsControllerTest@551a20d6, testMethod = updPostsTest@PostsControllerTest, testException = [null], mergedContextConfiguration = [WebMergedContextConfiguration@32709393 testClass = PostsControllerTest, locations = '{file:config/spring/applicationContext.xml}', classes = '{}', contextInitializerClasses = '[]', activeProfiles = '{}', resourceBasePath = 'src/main/webapp', contextLoader = 'org.springframework.test.context.web.WebDelegatingSmartContextLoader', parent = [null]]].
DEBUG [main] - After test class: context [DefaultTestContext@335b5620 testClass = PostsControllerTest, testInstance = [null], testMethod = [null], testException = [null], mergedContextConfiguration = [WebMergedContextConfiguration@32709393 testClass = PostsControllerTest, locations = '{file:config/spring/applicationContext.xml}', classes = '{}', contextInitializerClasses = '[]', activeProfiles = '{}', resourceBasePath = 'src/main/webapp', contextLoader = 'org.springframework.test.context.web.WebDelegatingSmartContextLoader', parent = [null]]], dirtiesContext [false].
]]></system-out>
  <system-err><![CDATA[org.springframework.web.util.NestedServletException: Request processing failed; nested exception is org.springframework.dao.DataIntegrityViolationException: 
### Error updating database.  Cause: com.mysql.jdbc.exceptions.jdbc4.MySQLIntegrityConstraintViolationException: Column 'time' cannot be null
### The error may involve com.aaa.mapper.PostsDaoMapper.upd-Inline
### The error occurred while setting parameters
### SQL: update posts set   name=?,text=?,time=?,author=?   where id =?
### Cause: com.mysql.jdbc.exceptions.jdbc4.MySQLIntegrityConstraintViolationException: Column 'time' cannot be null
; SQL []; Column 'time' cannot be null; nested exception is com.mysql.jdbc.exceptions.jdbc4.MySQLIntegrityConstraintViolationException: Column 'time' cannot be null
	at org.springframework.web.servlet.FrameworkServlet.processRequest(FrameworkServlet.java:973)
	at org.springframework.web.servlet.FrameworkServlet.doPost(FrameworkServlet.java:863)
	at javax.servlet.http.HttpServlet.service(HttpServlet.java:648)
	at org.springframework.web.servlet.FrameworkServlet.service(FrameworkServlet.java:837)
	at org.springframework.test.web.servlet.TestDispatcherServlet.service(TestDispatcherServlet.java:64)
	at javax.servlet.http.HttpServlet.service(HttpServlet.java:729)
	at org.springframework.mock.web.MockFilterChain$ServletFilterProxy.doFilter(MockFilterChain.java:170)
	at org.springframework.mock.web.MockFilterChain.doFilter(MockFilterChain.java:137)
	at org.springframework.test.web.servlet.MockMvc.perform(MockMvc.java:141)
	at ControllerTest.PostsControllerTest.updPostsTest(PostsControllerTest.java:142)
	at sun.reflect.NativeMethodAccessorImpl.invoke0(Native Method)
	at sun.reflect.NativeMethodAccessorImpl.invoke(NativeMethodAccessorImpl.java:62)
	at sun.reflect.DelegatingMethodAccessorImpl.invoke(DelegatingMethodAccessorImpl.java:43)
	at java.lang.reflect.Method.invoke(Method.java:498)
	at org.junit.runners.model.FrameworkMethod$1.runReflectiveCall(FrameworkMethod.java:44)
	at org.junit.internal.runners.model.ReflectiveCallable.run(ReflectiveCallable.java:15)
	at org.junit.runners.model.FrameworkMethod.invokeExplosively(FrameworkMethod.java:41)
	at org.junit.internal.runners.statements.InvokeMethod.evaluate(InvokeMethod.java:20)
	at org.junit.internal.runners.statements.RunBefores.evaluate(RunBefores.java:28)
	at org.springframework.test.context.junit4.statements.RunBeforeTestMethodCallbacks.evaluate(RunBeforeTestMethodCallbacks.java:74)
	at org.springframework.test.context.junit4.statements.RunAfterTestMethodCallbacks.evaluate(RunAfterTestMethodCallbacks.java:83)
	at org.springframework.test.context.junit4.statements.SpringRepeat.evaluate(SpringRepeat.java:72)
	at org.springframework.test.context.junit4.SpringJUnit4ClassRunner.runChild(SpringJUnit4ClassRunner.java:232)
	at org.springframework.test.context.junit4.SpringJUnit4ClassRunner.runChild(SpringJUnit4ClassRunner.java:89)
	at org.junit.runners.ParentRunner$3.run(ParentRunner.java:231)
	at org.junit.runners.ParentRunner$1.schedule(ParentRunner.java:60)
	at org.junit.runners.ParentRunner.runChildren(ParentRunner.java:229)
	at org.junit.runners.ParentRunner.access$000(ParentRunner.java:50)
	at org.junit.runners.ParentRunner$2.evaluate(ParentRunner.java:222)
	at org.springframework.test.context.junit4.statements.RunBeforeTestClassCallbacks.evaluate(RunBeforeTestClassCallbacks.java:61)
	at org.springframework.test.context.junit4.statements.RunAfterTestClassCallbacks.evaluate(RunAfterTestClassCallbacks.java:71)
	at org.junit.runners.ParentRunner.run(ParentRunner.java:292)
	at org.springframework.test.context.junit4.SpringJUnit4ClassRunner.run(SpringJUnit4ClassRunner.java:175)
	at junit.framework.JUnit4TestAdapter.run(JUnit4TestAdapter.java:39)
	at org.apache.tools.ant.taskdefs.optional.junit.JUnitTestRunner.run(JUnitTestRunner.java:534)
	at org.apache.tools.ant.taskdefs.optional.junit.JUnitTestRunner.launch(JUnitTestRunner.java:1196)
	at org.apache.tools.ant.taskdefs.optional.junit.JUnitTestRunner.main(JUnitTestRunner.java:1041)
Caused by: org.springframework.dao.DataIntegrityViolationException: 
### Error updating database.  Cause: com.mysql.jdbc.exceptions.jdbc4.MySQLIntegrityConstraintViolationException: Column 'time' cannot be null
### The error may involve com.aaa.mapper.PostsDaoMapper.upd-Inline
### The error occurred while setting parameters
### SQL: update posts set   name=?,text=?,time=?,author=?   where id =?
### Cause: com.mysql.jdbc.exceptions.jdbc4.MySQLIntegrityConstraintViolationException: Column 'time' cannot be null
; SQL []; Column 'time' cannot be null; nested exception is com.mysql.jdbc.exceptions.jdbc4.MySQLIntegrityConstraintViolationException: Column 'time' cannot be null
	at org.springframework.jdbc.support.SQLExceptionSubclassTranslator.doTranslate(SQLExceptionSubclassTranslator.java:86)
	at org.springframework.jdbc.support.AbstractFallbackSQLExceptionTranslator.translate(AbstractFallbackSQLExceptionTranslator.java:73)
	at org.springframework.jdbc.support.AbstractFallbackSQLExceptionTranslator.translate(AbstractFallbackSQLExceptionTranslator.java:81)
	at org.mybatis.spring.MyBatisExceptionTranslator.translateExceptionIfPossible(MyBatisExceptionTranslator.java:73)
	at org.mybatis.spring.SqlSessionTemplate$SqlSessionInterceptor.invoke(SqlSessionTemplate.java:371)
	at com.sun.proxy.$Proxy17.update(Unknown Source)
	at org.mybatis.spring.SqlSessionTemplate.update(SqlSessionTemplate.java:254)
	at org.apache.ibatis.binding.MapperMethod.execute(MapperMethod.java:54)
	at org.apache.ibatis.binding.MapperProxy.invoke(MapperProxy.java:52)
	at com.sun.proxy.$Proxy24.upd(Unknown Source)
	at com.aaa.biz.impl.PostsBizImpl.upd(PostsBizImpl.java:39)
	at sun.reflect.NativeMethodAccessorImpl.invoke0(Native Method)
	at sun.reflect.NativeMethodAccessorImpl.invoke(NativeMethodAccessorImpl.java:62)
	at sun.reflect.DelegatingMethodAccessorImpl.invoke(DelegatingMethodAccessorImpl.java:43)
	at java.lang.reflect.Method.invoke(Method.java:498)
	at org.springframework.aop.support.AopUtils.invokeJoinpointUsingReflection(AopUtils.java:317)
	at org.springframework.aop.framework.ReflectiveMethodInvocation.invokeJoinpoint(ReflectiveMethodInvocation.java:190)
	at org.springframework.aop.framework.ReflectiveMethodInvocation.proceed(ReflectiveMethodInvocation.java:157)
	at org.springframework.transaction.interceptor.TransactionInterceptor$1.proceedWithInvocation(TransactionInterceptor.java:98)
	at org.springframework.transaction.interceptor.TransactionAspectSupport.invokeWithinTransaction(TransactionAspectSupport.java:262)
	at org.springframework.transaction.interceptor.TransactionInterceptor.invoke(TransactionInterceptor.java:95)
	at org.springframework.aop.framework.ReflectiveMethodInvocation.proceed(ReflectiveMethodInvocation.java:179)
	at org.springframework.aop.interceptor.ExposeInvocationInterceptor.invoke(ExposeInvocationInterceptor.java:92)
	at org.springframework.aop.framework.ReflectiveMethodInvocation.proceed(ReflectiveMethodInvocation.java:179)
	at org.springframework.aop.framework.JdkDynamicAopProxy.invoke(JdkDynamicAopProxy.java:207)
	at com.sun.proxy.$Proxy25.upd(Unknown Source)
	at com.aaa.controller.PostsController.upd(PostsController.java:71)
	at sun.reflect.NativeMethodAccessorImpl.invoke0(Native Method)
	at sun.reflect.NativeMethodAccessorImpl.invoke(NativeMethodAccessorImpl.java:62)
	at sun.reflect.DelegatingMethodAccessorImpl.invoke(DelegatingMethodAccessorImpl.java:43)
	at java.lang.reflect.Method.invoke(Method.java:498)
	at org.springframework.web.bind.annotation.support.HandlerMethodInvoker.invokeHandlerMethod(HandlerMethodInvoker.java:175)
	at org.springframework.web.servlet.mvc.annotation.AnnotationMethodHandlerAdapter.invokeHandlerMethod(AnnotationMethodHandlerAdapter.java:446)
	at org.springframework.web.servlet.mvc.annotation.AnnotationMethodHandlerAdapter.handle(AnnotationMethodHandlerAdapter.java:434)
	at org.springframework.web.servlet.DispatcherServlet.doDispatch(DispatcherServlet.java:945)
	at org.springframework.web.servlet.DispatcherServlet.doService(DispatcherServlet.java:876)
	at org.springframework.web.servlet.FrameworkServlet.processRequest(FrameworkServlet.java:961)
	... 36 more
Caused by: com.mysql.jdbc.exceptions.jdbc4.MySQLIntegrityConstraintViolationException: Column 'time' cannot be null
	at sun.reflect.NativeConstructorAccessorImpl.newInstance0(Native Method)
	at sun.reflect.NativeConstructorAccessorImpl.newInstance(NativeConstructorAccessorImpl.java:62)
	at sun.reflect.DelegatingConstructorAccessorImpl.newInstance(DelegatingConstructorAccessorImpl.java:45)
	at java.lang.reflect.Constructor.newInstance(Constructor.java:423)
	at com.mysql.jdbc.Util.handleNewInstance(Util.java:406)
	at com.mysql.jdbc.Util.getInstance(Util.java:381)
	at com.mysql.jdbc.SQLError.createSQLException(SQLError.java:1015)
	at com.mysql.jdbc.SQLError.createSQLException(SQLError.java:956)
	at com.mysql.jdbc.MysqlIO.checkErrorPacket(MysqlIO.java:3515)
	at com.mysql.jdbc.MysqlIO.checkErrorPacket(MysqlIO.java:3447)
	at com.mysql.jdbc.MysqlIO.sendCommand(MysqlIO.java:1951)
	at com.mysql.jdbc.MysqlIO.sqlQueryDirect(MysqlIO.java:2101)
	at com.mysql.jdbc.ConnectionImpl.execSQL(ConnectionImpl.java:2554)
	at com.mysql.jdbc.PreparedStatement.executeInternal(PreparedStatement.java:1761)
	at com.mysql.jdbc.PreparedStatement.execute(PreparedStatement.java:1021)
	at org.apache.commons.dbcp.DelegatingPreparedStatement.execute(DelegatingPreparedStatement.java:169)
	at sun.reflect.NativeMethodAccessorImpl.invoke0(Native Method)
	at sun.reflect.NativeMethodAccessorImpl.invoke(NativeMethodAccessorImpl.java:62)
	at sun.reflect.DelegatingMethodAccessorImpl.invoke(DelegatingMethodAccessorImpl.java:43)
	at java.lang.reflect.Method.invoke(Method.java:498)
	at org.apache.ibatis.logging.jdbc.PreparedStatementLogger.invoke(PreparedStatementLogger.java:62)
	at com.sun.proxy.$Proxy39.execute(Unknown Source)
	at org.apache.ibatis.executor.statement.PreparedStatementHandler.update(PreparedStatementHandler.java:44)
	at org.apache.ibatis.executor.statement.RoutingStatementHandler.update(RoutingStatementHandler.java:69)
	at org.apache.ibatis.executor.SimpleExecutor.doUpdate(SimpleExecutor.java:48)
	at org.apache.ibatis.executor.BaseExecutor.update(BaseExecutor.java:105)
	at org.apache.ibatis.executor.CachingExecutor.update(CachingExecutor.java:71)
	at sun.reflect.NativeMethodAccessorImpl.invoke0(Native Method)
	at sun.reflect.NativeMethodAccessorImpl.invoke(NativeMethodAccessorImpl.java:62)
	at sun.reflect.DelegatingMethodAccessorImpl.invoke(DelegatingMethodAccessorImpl.java:43)
	at java.lang.reflect.Method.invoke(Method.java:498)
	at org.apache.ibatis.plugin.Plugin.invoke(Plugin.java:62)
	at com.sun.proxy.$Proxy37.update(Unknown Source)
	at org.apache.ibatis.session.defaults.DefaultSqlSession.update(DefaultSqlSession.java:152)
	at sun.reflect.NativeMethodAccessorImpl.invoke0(Native Method)
	at sun.reflect.NativeMethodAccessorImpl.invoke(NativeMethodAccessorImpl.java:62)
	at sun.reflect.DelegatingMethodAccessorImpl.invoke(DelegatingMethodAccessorImpl.java:43)
	at java.lang.reflect.Method.invoke(Method.java:498)
	at org.mybatis.spring.SqlSessionTemplate$SqlSessionInterceptor.invoke(SqlSessionTemplate.java:358)
	... 68 more
]]></system-err>
</testsuite>
